[0.099s] Invoking command in '/home/om/dobot_ws/build/cr_robot_ros2': CMAKE_PREFIX_PATH=/home/om/dobot_ws/install/dobot_msgs_v4:/home/om/dobot_ws/install/me6_moveit:/home/om/dobot_ws/install/cr7_moveit:/home/om/dobot_ws/install/cr5_moveit:/home/om/dobot_ws/install/cr3_moveit:/home/om/dobot_ws/install/cr16_moveit:/home/om/dobot_ws/install/cr12_moveit:/home/om/dobot_ws/install/cr10_moveit:/home/om/dobot_ws/install/dobot_rviz:/home/om/dobot_ws/install/cr_robot_ros2:/home/om/dobot_ws/install/dobot_gazebo:/home/om/dobot_ws/install/cra_description:/home/om/dobot_ws/install/servo_action:/home/om/dobot_ws/install/dobot_moveit:/home/om/dobot_ws/install/dobot_demo:/opt/ros/humble LD_LIBRARY_PATH=/home/om/dobot_ws/install/dobot_msgs_v4/lib:/opt/ros/humble/opt/rviz_ogre_vendor/lib:/opt/ros/humble/lib/x86_64-linux-gnu:/opt/ros/humble/lib:/usr/lib/x86_64-linux-gnu/gazebo-11/plugins /usr/bin/cmake --build /home/om/dobot_ws/build/cr_robot_ros2 -- -j8 -l8
[0.316s] [100%] Built target cr_robot_ros2_node
[0.368s] Invoked command in '/home/om/dobot_ws/build/cr_robot_ros2' returned '0': CMAKE_PREFIX_PATH=/home/om/dobot_ws/install/dobot_msgs_v4:/home/om/dobot_ws/install/me6_moveit:/home/om/dobot_ws/install/cr7_moveit:/home/om/dobot_ws/install/cr5_moveit:/home/om/dobot_ws/install/cr3_moveit:/home/om/dobot_ws/install/cr16_moveit:/home/om/dobot_ws/install/cr12_moveit:/home/om/dobot_ws/install/cr10_moveit:/home/om/dobot_ws/install/dobot_rviz:/home/om/dobot_ws/install/cr_robot_ros2:/home/om/dobot_ws/install/dobot_gazebo:/home/om/dobot_ws/install/cra_description:/home/om/dobot_ws/install/servo_action:/home/om/dobot_ws/install/dobot_moveit:/home/om/dobot_ws/install/dobot_demo:/opt/ros/humble LD_LIBRARY_PATH=/home/om/dobot_ws/install/dobot_msgs_v4/lib:/opt/ros/humble/opt/rviz_ogre_vendor/lib:/opt/ros/humble/lib/x86_64-linux-gnu:/opt/ros/humble/lib:/usr/lib/x86_64-linux-gnu/gazebo-11/plugins /usr/bin/cmake --build /home/om/dobot_ws/build/cr_robot_ros2 -- -j8 -l8
[0.372s] Invoking command in '/home/om/dobot_ws/build/cr_robot_ros2': CMAKE_PREFIX_PATH=/home/om/dobot_ws/install/dobot_msgs_v4:/home/om/dobot_ws/install/me6_moveit:/home/om/dobot_ws/install/cr7_moveit:/home/om/dobot_ws/install/cr5_moveit:/home/om/dobot_ws/install/cr3_moveit:/home/om/dobot_ws/install/cr16_moveit:/home/om/dobot_ws/install/cr12_moveit:/home/om/dobot_ws/install/cr10_moveit:/home/om/dobot_ws/install/dobot_rviz:/home/om/dobot_ws/install/cr_robot_ros2:/home/om/dobot_ws/install/dobot_gazebo:/home/om/dobot_ws/install/cra_description:/home/om/dobot_ws/install/servo_action:/home/om/dobot_ws/install/dobot_moveit:/home/om/dobot_ws/install/dobot_demo:/opt/ros/humble LD_LIBRARY_PATH=/home/om/dobot_ws/install/dobot_msgs_v4/lib:/opt/ros/humble/opt/rviz_ogre_vendor/lib:/opt/ros/humble/lib/x86_64-linux-gnu:/opt/ros/humble/lib:/usr/lib/x86_64-linux-gnu/gazebo-11/plugins /usr/bin/cmake --install /home/om/dobot_ws/build/cr_robot_ros2
[0.413s] -- Install configuration: ""
[0.413s] -- Up-to-date: /home/om/dobot_ws/install/cr_robot_ros2/lib/cr_robot_ros2/cr_robot_ros2_node
[0.413s] -- Up-to-date: /home/om/dobot_ws/install/cr_robot_ros2/share/cr_robot_ros2/launch
[0.413s] -- Up-to-date: /home/om/dobot_ws/install/cr_robot_ros2/share/cr_robot_ros2/launch/dobot_bringup_ros2.launch.py
[0.413s] -- Up-to-date: /home/om/dobot_ws/install/cr_robot_ros2/share/cr_robot_ros2/config
[0.418s] -- Up-to-date: /home/om/dobot_ws/install/cr_robot_ros2/share/cr_robot_ros2/config/param.json
[0.418s] -- Up-to-date: /home/om/dobot_ws/install/cr_robot_ros2/share/ament_index/resource_index/package_run_dependencies/cr_robot_ros2
[0.418s] -- Up-to-date: /home/om/dobot_ws/install/cr_robot_ros2/share/ament_index/resource_index/parent_prefix_path/cr_robot_ros2
[0.418s] -- Up-to-date: /home/om/dobot_ws/install/cr_robot_ros2/share/cr_robot_ros2/environment/ament_prefix_path.sh
[0.419s] -- Up-to-date: /home/om/dobot_ws/install/cr_robot_ros2/share/cr_robot_ros2/environment/ament_prefix_path.dsv
[0.419s] -- Up-to-date: /home/om/dobot_ws/install/cr_robot_ros2/share/cr_robot_ros2/environment/path.sh
[0.419s] -- Up-to-date: /home/om/dobot_ws/install/cr_robot_ros2/share/cr_robot_ros2/environment/path.dsv
[0.419s] -- Up-to-date: /home/om/dobot_ws/install/cr_robot_ros2/share/cr_robot_ros2/local_setup.bash
[0.419s] -- Up-to-date: /home/om/dobot_ws/install/cr_robot_ros2/share/cr_robot_ros2/local_setup.sh
[0.419s] -- Up-to-date: /home/om/dobot_ws/install/cr_robot_ros2/share/cr_robot_ros2/local_setup.zsh
[0.420s] -- Up-to-date: /home/om/dobot_ws/install/cr_robot_ros2/share/cr_robot_ros2/local_setup.dsv
[0.420s] -- Installing: /home/om/dobot_ws/install/cr_robot_ros2/share/cr_robot_ros2/package.dsv
[0.420s] -- Up-to-date: /home/om/dobot_ws/install/cr_robot_ros2/share/ament_index/resource_index/packages/cr_robot_ros2
[0.420s] -- Up-to-date: /home/om/dobot_ws/install/cr_robot_ros2/share/cr_robot_ros2/cmake/cr_robot_ros2Config.cmake
[0.421s] -- Up-to-date: /home/om/dobot_ws/install/cr_robot_ros2/share/cr_robot_ros2/cmake/cr_robot_ros2Config-version.cmake
[0.421s] -- Up-to-date: /home/om/dobot_ws/install/cr_robot_ros2/share/cr_robot_ros2/package.xml
[0.459s] Invoked command in '/home/om/dobot_ws/build/cr_robot_ros2' returned '0': CMAKE_PREFIX_PATH=/home/om/dobot_ws/install/dobot_msgs_v4:/home/om/dobot_ws/install/me6_moveit:/home/om/dobot_ws/install/cr7_moveit:/home/om/dobot_ws/install/cr5_moveit:/home/om/dobot_ws/install/cr3_moveit:/home/om/dobot_ws/install/cr16_moveit:/home/om/dobot_ws/install/cr12_moveit:/home/om/dobot_ws/install/cr10_moveit:/home/om/dobot_ws/install/dobot_rviz:/home/om/dobot_ws/install/cr_robot_ros2:/home/om/dobot_ws/install/dobot_gazebo:/home/om/dobot_ws/install/cra_description:/home/om/dobot_ws/install/servo_action:/home/om/dobot_ws/install/dobot_moveit:/home/om/dobot_ws/install/dobot_demo:/opt/ros/humble LD_LIBRARY_PATH=/home/om/dobot_ws/install/dobot_msgs_v4/lib:/opt/ros/humble/opt/rviz_ogre_vendor/lib:/opt/ros/humble/lib/x86_64-linux-gnu:/opt/ros/humble/lib:/usr/lib/x86_64-linux-gnu/gazebo-11/plugins /usr/bin/cmake --install /home/om/dobot_ws/build/cr_robot_ros2
