[0.065s] Invoking command in '/home/om/dobot_ws/build/cr12_moveit': CMAKE_PREFIX_PATH=/home/om/dobot_ws/install/dobot_rviz:/home/om/dobot_ws/install/me6_moveit:/home/om/dobot_ws/install/cr7_moveit:/home/om/dobot_ws/install/cr5_moveit:/home/om/dobot_ws/install/cr3_moveit:/home/om/dobot_ws/install/cr16_moveit:/home/om/dobot_ws/install/cr12_moveit:/home/om/dobot_ws/install/cr10_moveit:/home/om/dobot_ws/install/cr_robot_ros2:/home/om/dobot_ws/install/dobot_msgs_v4:/home/om/dobot_ws/install/dobot_gazebo:/home/om/dobot_ws/install/cra_description:/home/om/dobot_ws/install/servo_action:/home/om/dobot_ws/install/dobot_moveit:/home/om/dobot_ws/install/dobot_demo:/opt/ros/humble /usr/bin/cmake --build /home/om/dobot_ws/build/cr12_moveit -- -j8 -l8
[0.206s] Invoked command in '/home/om/dobot_ws/build/cr12_moveit' returned '0': CMAKE_PREFIX_PATH=/home/om/dobot_ws/install/dobot_rviz:/home/om/dobot_ws/install/me6_moveit:/home/om/dobot_ws/install/cr7_moveit:/home/om/dobot_ws/install/cr5_moveit:/home/om/dobot_ws/install/cr3_moveit:/home/om/dobot_ws/install/cr16_moveit:/home/om/dobot_ws/install/cr12_moveit:/home/om/dobot_ws/install/cr10_moveit:/home/om/dobot_ws/install/cr_robot_ros2:/home/om/dobot_ws/install/dobot_msgs_v4:/home/om/dobot_ws/install/dobot_gazebo:/home/om/dobot_ws/install/cra_description:/home/om/dobot_ws/install/servo_action:/home/om/dobot_ws/install/dobot_moveit:/home/om/dobot_ws/install/dobot_demo:/opt/ros/humble /usr/bin/cmake --build /home/om/dobot_ws/build/cr12_moveit -- -j8 -l8
[0.213s] Invoking command in '/home/om/dobot_ws/build/cr12_moveit': CMAKE_PREFIX_PATH=/home/om/dobot_ws/install/dobot_rviz:/home/om/dobot_ws/install/me6_moveit:/home/om/dobot_ws/install/cr7_moveit:/home/om/dobot_ws/install/cr5_moveit:/home/om/dobot_ws/install/cr3_moveit:/home/om/dobot_ws/install/cr16_moveit:/home/om/dobot_ws/install/cr12_moveit:/home/om/dobot_ws/install/cr10_moveit:/home/om/dobot_ws/install/cr_robot_ros2:/home/om/dobot_ws/install/dobot_msgs_v4:/home/om/dobot_ws/install/dobot_gazebo:/home/om/dobot_ws/install/cra_description:/home/om/dobot_ws/install/servo_action:/home/om/dobot_ws/install/dobot_moveit:/home/om/dobot_ws/install/dobot_demo:/opt/ros/humble /usr/bin/cmake --install /home/om/dobot_ws/build/cr12_moveit
[0.223s] -- Install configuration: ""
[0.223s] -- Up-to-date: /home/om/dobot_ws/install/cr12_moveit/share/ament_index/resource_index/package_run_dependencies/cr12_moveit
[0.223s] -- Up-to-date: /home/om/dobot_ws/install/cr12_moveit/share/ament_index/resource_index/parent_prefix_path/cr12_moveit
[0.223s] -- Up-to-date: /home/om/dobot_ws/install/cr12_moveit/share/cr12_moveit/environment/ament_prefix_path.sh
[0.223s] -- Up-to-date: /home/om/dobot_ws/install/cr12_moveit/share/cr12_moveit/environment/ament_prefix_path.dsv
[0.223s] -- Up-to-date: /home/om/dobot_ws/install/cr12_moveit/share/cr12_moveit/environment/path.sh
[0.224s] -- Up-to-date: /home/om/dobot_ws/install/cr12_moveit/share/cr12_moveit/environment/path.dsv
[0.224s] -- Up-to-date: /home/om/dobot_ws/install/cr12_moveit/share/cr12_moveit/local_setup.bash
[0.224s] -- Up-to-date: /home/om/dobot_ws/install/cr12_moveit/share/cr12_moveit/local_setup.sh
[0.224s] -- Up-to-date: /home/om/dobot_ws/install/cr12_moveit/share/cr12_moveit/local_setup.zsh
[0.225s] -- Up-to-date: /home/om/dobot_ws/install/cr12_moveit/share/cr12_moveit/local_setup.dsv
[0.228s] -- Installing: /home/om/dobot_ws/install/cr12_moveit/share/cr12_moveit/package.dsv
[0.229s] -- Up-to-date: /home/om/dobot_ws/install/cr12_moveit/share/ament_index/resource_index/packages/cr12_moveit
[0.230s] -- Up-to-date: /home/om/dobot_ws/install/cr12_moveit/share/cr12_moveit/cmake/cr12_moveitConfig.cmake
[0.230s] -- Up-to-date: /home/om/dobot_ws/install/cr12_moveit/share/cr12_moveit/cmake/cr12_moveitConfig-version.cmake
[0.230s] -- Up-to-date: /home/om/dobot_ws/install/cr12_moveit/share/cr12_moveit/package.xml
[0.230s] -- Up-to-date: /home/om/dobot_ws/install/cr12_moveit/share/cr12_moveit/launch
[0.230s] -- Up-to-date: /home/om/dobot_ws/install/cr12_moveit/share/cr12_moveit/launch/demo.launch.py
[0.230s] -- Up-to-date: /home/om/dobot_ws/install/cr12_moveit/share/cr12_moveit/launch/spawn_controllers.launch.py
[0.230s] -- Up-to-date: /home/om/dobot_ws/install/cr12_moveit/share/cr12_moveit/launch/moveit_gazebo.launch.py
[0.230s] -- Up-to-date: /home/om/dobot_ws/install/cr12_moveit/share/cr12_moveit/launch/warehouse_db.launch.py
[0.230s] -- Up-to-date: /home/om/dobot_ws/install/cr12_moveit/share/cr12_moveit/launch/rsp.launch.py
[0.230s] -- Up-to-date: /home/om/dobot_ws/install/cr12_moveit/share/cr12_moveit/launch/static_virtual_joint_tfs.launch.py
[0.230s] -- Up-to-date: /home/om/dobot_ws/install/cr12_moveit/share/cr12_moveit/launch/move_group.launch.py
[0.230s] -- Up-to-date: /home/om/dobot_ws/install/cr12_moveit/share/cr12_moveit/launch/setup_assistant.launch.py
[0.230s] -- Up-to-date: /home/om/dobot_ws/install/cr12_moveit/share/cr12_moveit/launch/moveit_rviz.launch.py
[0.230s] -- Up-to-date: /home/om/dobot_ws/install/cr12_moveit/share/cr12_moveit/config
[0.230s] -- Up-to-date: /home/om/dobot_ws/install/cr12_moveit/share/cr12_moveit/config/moveit_controllers.yaml
[0.231s] -- Up-to-date: /home/om/dobot_ws/install/cr12_moveit/share/cr12_moveit/config/joint_limits.yaml
[0.231s] -- Up-to-date: /home/om/dobot_ws/install/cr12_moveit/share/cr12_moveit/config/pilz_cartesian_limits.yaml
[0.231s] -- Up-to-date: /home/om/dobot_ws/install/cr12_moveit/share/cr12_moveit/config/cr12_robot.srdf
[0.231s] -- Up-to-date: /home/om/dobot_ws/install/cr12_moveit/share/cr12_moveit/config/initial_positions.yaml
[0.231s] -- Up-to-date: /home/om/dobot_ws/install/cr12_moveit/share/cr12_moveit/config/cr12_robot.urdf.xacro
[0.231s] -- Up-to-date: /home/om/dobot_ws/install/cr12_moveit/share/cr12_moveit/config/cr12_robot.ros2_control.xacro
[0.231s] -- Up-to-date: /home/om/dobot_ws/install/cr12_moveit/share/cr12_moveit/config/moveit.rviz
[0.231s] -- Up-to-date: /home/om/dobot_ws/install/cr12_moveit/share/cr12_moveit/config/ros2_controllers.yaml
[0.231s] -- Up-to-date: /home/om/dobot_ws/install/cr12_moveit/share/cr12_moveit/config/kinematics.yaml
[0.231s] -- Up-to-date: /home/om/dobot_ws/install/cr12_moveit/share/cr12_moveit/.setup_assistant
[0.276s] Invoked command in '/home/om/dobot_ws/build/cr12_moveit' returned '0': CMAKE_PREFIX_PATH=/home/om/dobot_ws/install/dobot_rviz:/home/om/dobot_ws/install/me6_moveit:/home/om/dobot_ws/install/cr7_moveit:/home/om/dobot_ws/install/cr5_moveit:/home/om/dobot_ws/install/cr3_moveit:/home/om/dobot_ws/install/cr16_moveit:/home/om/dobot_ws/install/cr12_moveit:/home/om/dobot_ws/install/cr10_moveit:/home/om/dobot_ws/install/cr_robot_ros2:/home/om/dobot_ws/install/dobot_msgs_v4:/home/om/dobot_ws/install/dobot_gazebo:/home/om/dobot_ws/install/cra_description:/home/om/dobot_ws/install/servo_action:/home/om/dobot_ws/install/dobot_moveit:/home/om/dobot_ws/install/dobot_demo:/opt/ros/humble /usr/bin/cmake --install /home/om/dobot_ws/build/cr12_moveit
