[0.043s] Invoking command in '/home/om/dobot_ws/build/dobot_rviz': CMAKE_PREFIX_PATH=${CMAKE_PREFIX_PATH}:/home/om/dobot_ws/install/servo_action:/home/om/dobot_ws/install/dobot_moveit:/home/om/dobot_ws/install/dobot_demo:/opt/ros/humble /usr/bin/cmake --build /home/om/dobot_ws/build/dobot_rviz -- -j8 -l8
[1.070s] Invoked command in '/home/om/dobot_ws/build/dobot_rviz' returned '0': CMAKE_PREFIX_PATH=${CMAKE_PREFIX_PATH}:/home/om/dobot_ws/install/servo_action:/home/om/dobot_ws/install/dobot_moveit:/home/om/dobot_ws/install/dobot_demo:/opt/ros/humble /usr/bin/cmake --build /home/om/dobot_ws/build/dobot_rviz -- -j8 -l8
[1.080s] Invoking command in '/home/om/dobot_ws/build/dobot_rviz': CMAKE_PREFIX_PATH=${CMAKE_PREFIX_PATH}:/home/om/dobot_ws/install/servo_action:/home/om/dobot_ws/install/dobot_moveit:/home/om/dobot_ws/install/dobot_demo:/opt/ros/humble /usr/bin/cmake --install /home/om/dobot_ws/build/dobot_rviz
[1.090s] -- Install configuration: ""
[1.091s] -- Up-to-date: /home/om/dobot_ws/install/dobot_rviz/share/dobot_rviz/launch
[1.091s] -- Up-to-date: /home/om/dobot_ws/install/dobot_rviz/share/dobot_rviz/launch/dobot_rviz.launch.py
[1.091s] -- Up-to-date: /home/om/dobot_ws/install/dobot_rviz/share/dobot_rviz/urdf
[1.091s] -- Up-to-date: /home/om/dobot_ws/install/dobot_rviz/share/dobot_rviz/urdf/cr12_robot.urdf
[1.091s] -- Up-to-date: /home/om/dobot_ws/install/dobot_rviz/share/dobot_rviz/urdf/cr10_robot.urdf
[1.092s] -- Up-to-date: /home/om/dobot_ws/install/dobot_rviz/share/dobot_rviz/urdf/cr3_robot.urdf
[1.092s] -- Up-to-date: /home/om/dobot_ws/install/dobot_rviz/share/dobot_rviz/urdf/cr5_robot.urdf
[1.092s] -- Up-to-date: /home/om/dobot_ws/install/dobot_rviz/share/dobot_rviz/urdf/cr5_robot.gv
[1.092s] -- Up-to-date: /home/om/dobot_ws/install/dobot_rviz/share/dobot_rviz/urdf/cr16_robot.urdf
[1.093s] -- Up-to-date: /home/om/dobot_ws/install/dobot_rviz/share/dobot_rviz/urdf/cr5_robot.pdf
[1.093s] -- Up-to-date: /home/om/dobot_ws/install/dobot_rviz/share/dobot_rviz/urdf/cr7_robot.urdf
[1.093s] -- Up-to-date: /home/om/dobot_ws/install/dobot_rviz/share/dobot_rviz/urdf/me6_robot.urdf
[1.093s] -- Up-to-date: /home/om/dobot_ws/install/dobot_rviz/share/dobot_rviz/rviz
[1.093s] -- Up-to-date: /home/om/dobot_ws/install/dobot_rviz/share/dobot_rviz/rviz/urdf.rviz
[1.093s] -- Up-to-date: /home/om/dobot_ws/install/dobot_rviz/share/dobot_rviz/meshes
[1.093s] -- Up-to-date: /home/om/dobot_ws/install/dobot_rviz/share/dobot_rviz/meshes/nova5
[1.094s] -- Up-to-date: /home/om/dobot_ws/install/dobot_rviz/share/dobot_rviz/meshes/nova5/Link2.STL
[1.094s] -- Up-to-date: /home/om/dobot_ws/install/dobot_rviz/share/dobot_rviz/meshes/nova5/Link5.STL
[1.094s] -- Up-to-date: /home/om/dobot_ws/install/dobot_rviz/share/dobot_rviz/meshes/nova5/Link3.STL
[1.094s] -- Up-to-date: /home/om/dobot_ws/install/dobot_rviz/share/dobot_rviz/meshes/nova5/Link4.STL
[1.094s] -- Up-to-date: /home/om/dobot_ws/install/dobot_rviz/share/dobot_rviz/meshes/nova5/Link1.STL
[1.094s] -- Up-to-date: /home/om/dobot_ws/install/dobot_rviz/share/dobot_rviz/meshes/nova5/base_link.STL
[1.096s] -- Up-to-date: /home/om/dobot_ws/install/dobot_rviz/share/dobot_rviz/meshes/nova5/Link6.STL
[1.096s] -- Up-to-date: /home/om/dobot_ws/install/dobot_rviz/share/dobot_rviz/meshes/cr12
[1.096s] -- Up-to-date: /home/om/dobot_ws/install/dobot_rviz/share/dobot_rviz/meshes/cr12/J6.STL
[1.096s] -- Up-to-date: /home/om/dobot_ws/install/dobot_rviz/share/dobot_rviz/meshes/cr12/base_link0.STL
[1.097s] -- Up-to-date: /home/om/dobot_ws/install/dobot_rviz/share/dobot_rviz/meshes/cr12/J1.STL
[1.097s] -- Up-to-date: /home/om/dobot_ws/install/dobot_rviz/share/dobot_rviz/meshes/cr12/J4.STL
[1.097s] -- Up-to-date: /home/om/dobot_ws/install/dobot_rviz/share/dobot_rviz/meshes/cr12/J2.STL
[1.097s] -- Up-to-date: /home/om/dobot_ws/install/dobot_rviz/share/dobot_rviz/meshes/cr12/J5.STL
[1.097s] -- Up-to-date: /home/om/dobot_ws/install/dobot_rviz/share/dobot_rviz/meshes/cr12/J3.STL
[1.097s] -- Up-to-date: /home/om/dobot_ws/install/dobot_rviz/share/dobot_rviz/meshes/me6
[1.097s] -- Up-to-date: /home/om/dobot_ws/install/dobot_rviz/share/dobot_rviz/meshes/me6/Link2.STL
[1.097s] -- Up-to-date: /home/om/dobot_ws/install/dobot_rviz/share/dobot_rviz/meshes/me6/Link5.STL
[1.097s] -- Up-to-date: /home/om/dobot_ws/install/dobot_rviz/share/dobot_rviz/meshes/me6/Link3.STL
[1.097s] -- Up-to-date: /home/om/dobot_ws/install/dobot_rviz/share/dobot_rviz/meshes/me6/Link4.STL
[1.097s] -- Up-to-date: /home/om/dobot_ws/install/dobot_rviz/share/dobot_rviz/meshes/me6/Link1.STL
[1.097s] -- Up-to-date: /home/om/dobot_ws/install/dobot_rviz/share/dobot_rviz/meshes/me6/base_link.STL
[1.099s] -- Up-to-date: /home/om/dobot_ws/install/dobot_rviz/share/dobot_rviz/meshes/me6/Link6.STL
[1.101s] -- Up-to-date: /home/om/dobot_ws/install/dobot_rviz/share/dobot_rviz/meshes/cr7
[1.103s] -- Up-to-date: /home/om/dobot_ws/install/dobot_rviz/share/dobot_rviz/meshes/cr7/J6.STL
[1.105s] -- Up-to-date: /home/om/dobot_ws/install/dobot_rviz/share/dobot_rviz/meshes/cr7/base_link0.STL
[1.105s] -- Up-to-date: /home/om/dobot_ws/install/dobot_rviz/share/dobot_rviz/meshes/cr7/J1.STL
[1.105s] -- Up-to-date: /home/om/dobot_ws/install/dobot_rviz/share/dobot_rviz/meshes/cr7/J4.STL
[1.105s] -- Up-to-date: /home/om/dobot_ws/install/dobot_rviz/share/dobot_rviz/meshes/cr7/J2.STL
[1.105s] -- Up-to-date: /home/om/dobot_ws/install/dobot_rviz/share/dobot_rviz/meshes/cr7/J5.STL
[1.105s] -- Up-to-date: /home/om/dobot_ws/install/dobot_rviz/share/dobot_rviz/meshes/cr7/J3.STL
[1.107s] -- Up-to-date: /home/om/dobot_ws/install/dobot_rviz/share/dobot_rviz/meshes/nova2
[1.107s] -- Up-to-date: /home/om/dobot_ws/install/dobot_rviz/share/dobot_rviz/meshes/nova2/Link2.STL
[1.107s] -- Up-to-date: /home/om/dobot_ws/install/dobot_rviz/share/dobot_rviz/meshes/nova2/Link5.STL
[1.107s] -- Up-to-date: /home/om/dobot_ws/install/dobot_rviz/share/dobot_rviz/meshes/nova2/Link3.STL
[1.108s] -- Up-to-date: /home/om/dobot_ws/install/dobot_rviz/share/dobot_rviz/meshes/nova2/Link4.STL
[1.108s] -- Up-to-date: /home/om/dobot_ws/install/dobot_rviz/share/dobot_rviz/meshes/nova2/Link1.STL
[1.108s] -- Up-to-date: /home/om/dobot_ws/install/dobot_rviz/share/dobot_rviz/meshes/nova2/base_link.STL
[1.108s] -- Up-to-date: /home/om/dobot_ws/install/dobot_rviz/share/dobot_rviz/meshes/nova2/Link6.STL
[1.108s] -- Up-to-date: /home/om/dobot_ws/install/dobot_rviz/share/dobot_rviz/meshes/cr5
[1.108s] -- Up-to-date: /home/om/dobot_ws/install/dobot_rviz/share/dobot_rviz/meshes/cr5/Link3.dae
[1.108s] -- Up-to-date: /home/om/dobot_ws/install/dobot_rviz/share/dobot_rviz/meshes/cr5/Link2.dae
[1.109s] -- Up-to-date: /home/om/dobot_ws/install/dobot_rviz/share/dobot_rviz/meshes/cr5/Link1.dae
[1.109s] -- Up-to-date: /home/om/dobot_ws/install/dobot_rviz/share/dobot_rviz/meshes/cr5/Link6.dae
[1.109s] -- Up-to-date: /home/om/dobot_ws/install/dobot_rviz/share/dobot_rviz/meshes/cr5/base_link.dae
[1.109s] -- Up-to-date: /home/om/dobot_ws/install/dobot_rviz/share/dobot_rviz/meshes/cr5/Link4.dae
[1.109s] -- Up-to-date: /home/om/dobot_ws/install/dobot_rviz/share/dobot_rviz/meshes/cr5/Link5.dae
[1.109s] -- Up-to-date: /home/om/dobot_ws/install/dobot_rviz/share/dobot_rviz/meshes/cr10
[1.109s] -- Up-to-date: /home/om/dobot_ws/install/dobot_rviz/share/dobot_rviz/meshes/cr10/Link2.STL
[1.109s] -- Up-to-date: /home/om/dobot_ws/install/dobot_rviz/share/dobot_rviz/meshes/cr10/Link5.STL
[1.109s] -- Up-to-date: /home/om/dobot_ws/install/dobot_rviz/share/dobot_rviz/meshes/cr10/Link3.STL
[1.109s] -- Up-to-date: /home/om/dobot_ws/install/dobot_rviz/share/dobot_rviz/meshes/cr10/Link4.STL
[1.109s] -- Up-to-date: /home/om/dobot_ws/install/dobot_rviz/share/dobot_rviz/meshes/cr10/Link1.STL
[1.110s] -- Up-to-date: /home/om/dobot_ws/install/dobot_rviz/share/dobot_rviz/meshes/cr10/base_link.STL
[1.110s] -- Up-to-date: /home/om/dobot_ws/install/dobot_rviz/share/dobot_rviz/meshes/cr10/Link6.STL
[1.110s] -- Up-to-date: /home/om/dobot_ws/install/dobot_rviz/share/dobot_rviz/meshes/cr3
[1.110s] -- Up-to-date: /home/om/dobot_ws/install/dobot_rviz/share/dobot_rviz/meshes/cr3/Link2.STL
[1.110s] -- Up-to-date: /home/om/dobot_ws/install/dobot_rviz/share/dobot_rviz/meshes/cr3/Link5.STL
[1.110s] -- Up-to-date: /home/om/dobot_ws/install/dobot_rviz/share/dobot_rviz/meshes/cr3/Link3.STL
[1.110s] -- Up-to-date: /home/om/dobot_ws/install/dobot_rviz/share/dobot_rviz/meshes/cr3/Link4.STL
[1.111s] -- Up-to-date: /home/om/dobot_ws/install/dobot_rviz/share/dobot_rviz/meshes/cr3/Link1.STL
[1.111s] -- Up-to-date: /home/om/dobot_ws/install/dobot_rviz/share/dobot_rviz/meshes/cr3/base_link.STL
[1.114s] -- Up-to-date: /home/om/dobot_ws/install/dobot_rviz/share/dobot_rviz/meshes/cr3/Link6.STL
[1.114s] -- Up-to-date: /home/om/dobot_ws/install/dobot_rviz/share/dobot_rviz/meshes/cr16
[1.114s] -- Up-to-date: /home/om/dobot_ws/install/dobot_rviz/share/dobot_rviz/meshes/cr16/Link2.STL
[1.114s] -- Up-to-date: /home/om/dobot_ws/install/dobot_rviz/share/dobot_rviz/meshes/cr16/Link5.STL
[1.114s] -- Up-to-date: /home/om/dobot_ws/install/dobot_rviz/share/dobot_rviz/meshes/cr16/Link3.STL
[1.114s] -- Up-to-date: /home/om/dobot_ws/install/dobot_rviz/share/dobot_rviz/meshes/cr16/Link4.STL
[1.114s] -- Up-to-date: /home/om/dobot_ws/install/dobot_rviz/share/dobot_rviz/meshes/cr16/Link1.STL
[1.114s] -- Up-to-date: /home/om/dobot_ws/install/dobot_rviz/share/dobot_rviz/meshes/cr16/base_link.STL
[1.114s] -- Up-to-date: /home/om/dobot_ws/install/dobot_rviz/share/dobot_rviz/meshes/cr16/Link6.STL
[1.115s] -- Up-to-date: /home/om/dobot_ws/install/dobot_rviz/share/ament_index/resource_index/package_run_dependencies/dobot_rviz
[1.115s] -- Up-to-date: /home/om/dobot_ws/install/dobot_rviz/share/ament_index/resource_index/parent_prefix_path/dobot_rviz
[1.115s] -- Up-to-date: /home/om/dobot_ws/install/dobot_rviz/share/dobot_rviz/environment/ament_prefix_path.sh
[1.115s] -- Up-to-date: /home/om/dobot_ws/install/dobot_rviz/share/dobot_rviz/environment/ament_prefix_path.dsv
[1.115s] -- Up-to-date: /home/om/dobot_ws/install/dobot_rviz/share/dobot_rviz/environment/path.sh
[1.115s] -- Up-to-date: /home/om/dobot_ws/install/dobot_rviz/share/dobot_rviz/environment/path.dsv
[1.115s] -- Up-to-date: /home/om/dobot_ws/install/dobot_rviz/share/dobot_rviz/local_setup.bash
[1.115s] -- Up-to-date: /home/om/dobot_ws/install/dobot_rviz/share/dobot_rviz/local_setup.sh
[1.115s] -- Up-to-date: /home/om/dobot_ws/install/dobot_rviz/share/dobot_rviz/local_setup.zsh
[1.115s] -- Up-to-date: /home/om/dobot_ws/install/dobot_rviz/share/dobot_rviz/local_setup.dsv
[1.115s] -- Installing: /home/om/dobot_ws/install/dobot_rviz/share/dobot_rviz/package.dsv
[1.115s] -- Up-to-date: /home/om/dobot_ws/install/dobot_rviz/share/ament_index/resource_index/packages/dobot_rviz
[1.115s] -- Up-to-date: /home/om/dobot_ws/install/dobot_rviz/share/dobot_rviz/cmake/dobot_rvizConfig.cmake
[1.115s] -- Up-to-date: /home/om/dobot_ws/install/dobot_rviz/share/dobot_rviz/cmake/dobot_rvizConfig-version.cmake
[1.115s] -- Up-to-date: /home/om/dobot_ws/install/dobot_rviz/share/dobot_rviz/package.xml
[1.497s] Invoked command in '/home/om/dobot_ws/build/dobot_rviz' returned '0': CMAKE_PREFIX_PATH=${CMAKE_PREFIX_PATH}:/home/om/dobot_ws/install/servo_action:/home/om/dobot_ws/install/dobot_moveit:/home/om/dobot_ws/install/dobot_demo:/opt/ros/humble /usr/bin/cmake --install /home/om/dobot_ws/build/dobot_rviz
