[1.630s] Invoking command in '/home/om/dobot_ws/src/dobot_moveit': PYTHONPATH=/home/om/dobot_ws/build/dobot_moveit/prefix_override:/usr/lib/python3/dist-packages/colcon_core/task/python/colcon_distutils_commands:/home/om/dobot_ws/install/dobot_moveit/lib/python3.10/site-packages:${PYTHONPATH} /usr/bin/python3 -W ignore:setup.py install is deprecated -W ignore:easy_install command is deprecated setup.py egg_info --egg-base ../../build/dobot_moveit build --build-base /home/om/dobot_ws/build/dobot_moveit/build install --record /home/om/dobot_ws/build/dobot_moveit/install.log --single-version-externally-managed install_data
[2.063s] running egg_info
[2.063s] creating ../../build/dobot_moveit/dobot_moveit.egg-info
[2.063s] writing ../../build/dobot_moveit/dobot_moveit.egg-info/PKG-INFO
[2.063s] writing dependency_links to ../../build/dobot_moveit/dobot_moveit.egg-info/dependency_links.txt
[2.064s] writing entry points to ../../build/dobot_moveit/dobot_moveit.egg-info/entry_points.txt
[2.064s] writing requirements to ../../build/dobot_moveit/dobot_moveit.egg-info/requires.txt
[2.064s] writing top-level names to ../../build/dobot_moveit/dobot_moveit.egg-info/top_level.txt
[2.065s] writing manifest file '../../build/dobot_moveit/dobot_moveit.egg-info/SOURCES.txt'
[2.066s] reading manifest file '../../build/dobot_moveit/dobot_moveit.egg-info/SOURCES.txt'
[2.066s] writing manifest file '../../build/dobot_moveit/dobot_moveit.egg-info/SOURCES.txt'
[2.066s] running build
[2.066s] running build_py
[2.066s] creating /home/om/dobot_ws/build/dobot_moveit/build
[2.066s] creating /home/om/dobot_ws/build/dobot_moveit/build/lib
[2.066s] creating /home/om/dobot_ws/build/dobot_moveit/build/lib/dobot_moveit
[2.067s] copying dobot_moveit/__init__.py -> /home/om/dobot_ws/build/dobot_moveit/build/lib/dobot_moveit
[2.067s] running install
[2.067s] running install_lib
[2.067s] creating /home/om/dobot_ws/install/dobot_moveit/lib/python3.10/site-packages/dobot_moveit
[2.067s] copying /home/om/dobot_ws/build/dobot_moveit/build/lib/dobot_moveit/__init__.py -> /home/om/dobot_ws/install/dobot_moveit/lib/python3.10/site-packages/dobot_moveit
[2.067s] byte-compiling /home/om/dobot_ws/install/dobot_moveit/lib/python3.10/site-packages/dobot_moveit/__init__.py to __init__.cpython-310.pyc
[2.067s] running install_data
[2.067s] creating /home/om/dobot_ws/install/dobot_moveit/share/ament_index
[2.067s] creating /home/om/dobot_ws/install/dobot_moveit/share/ament_index/resource_index
[2.067s] creating /home/om/dobot_ws/install/dobot_moveit/share/ament_index/resource_index/packages
[2.067s] copying resource/dobot_moveit -> /home/om/dobot_ws/install/dobot_moveit/share/ament_index/resource_index/packages
[2.067s] copying package.xml -> /home/om/dobot_ws/install/dobot_moveit/share/dobot_moveit
[2.067s] creating /home/om/dobot_ws/install/dobot_moveit/share/dobot_moveit/launch
[2.067s] copying launch/moveit_gazebo.launch.py -> /home/om/dobot_ws/install/dobot_moveit/share/dobot_moveit/launch
[2.067s] copying launch/dobot_moveit.launch.py -> /home/om/dobot_ws/install/dobot_moveit/share/dobot_moveit/launch
[2.067s] running install_egg_info
[2.067s] Copying ../../build/dobot_moveit/dobot_moveit.egg-info to /home/om/dobot_ws/install/dobot_moveit/lib/python3.10/site-packages/dobot_moveit-0.0.0-py3.10.egg-info
[2.067s] running install_scripts
[2.067s] writing list of installed files to '/home/om/dobot_ws/build/dobot_moveit/install.log'
[2.073s] Invoked command in '/home/om/dobot_ws/src/dobot_moveit' returned '0': PYTHONPATH=/home/om/dobot_ws/build/dobot_moveit/prefix_override:/usr/lib/python3/dist-packages/colcon_core/task/python/colcon_distutils_commands:/home/om/dobot_ws/install/dobot_moveit/lib/python3.10/site-packages:${PYTHONPATH} /usr/bin/python3 -W ignore:setup.py install is deprecated -W ignore:easy_install command is deprecated setup.py egg_info --egg-base ../../build/dobot_moveit build --build-base /home/om/dobot_ws/build/dobot_moveit/build install --record /home/om/dobot_ws/build/dobot_moveit/install.log --single-version-externally-managed install_data
