[0.022s] Invoking command in '/home/om/dobot_ws/build/cr16_moveit': AMENT_PREFIX_PATH=/home/om/dobot_ws/install/dobot_rviz:${AMENT_PREFIX_PATH} CMAKE_PREFIX_PATH=/home/om/dobot_ws/install/dobot_rviz:/opt/ros/humble /usr/bin/cmake /home/om/dobot_ws/src/cr16_moveit -DCMAKE_INSTALL_PREFIX=/home/om/dobot_ws/install/cr16_moveit
[0.086s] -- The C compiler identification is GNU 11.4.0
[0.150s] -- The CXX compiler identification is GNU 11.4.0
[0.156s] -- Detecting C compiler ABI info
[0.246s] -- Detecting C compiler ABI info - done
[0.256s] -- Check for working C compiler: /usr/bin/cc - skipped
[0.256s] -- Detecting C compile features
[0.256s] -- Detecting C compile features - done
[0.259s] -- Detecting CXX compiler ABI info
[0.367s] -- Detecting CXX compiler ABI info - done
[0.378s] -- Check for working CXX compiler: /usr/bin/c++ - skipped
[0.379s] -- Detecting CXX compile features
[0.379s] -- Detecting CXX compile features - done
[0.387s] -- Found ament_cmake: 1.3.11 (/opt/ros/humble/share/ament_cmake/cmake)
[0.552s] -- Found Python3: /usr/bin/python3 (found version "3.10.12") found components: Interpreter 
[0.743s] -- Configuring done
[0.745s] -- Generating done
[0.748s] -- Build files have been written to: /home/om/dobot_ws/build/cr16_moveit
[0.763s] Invoked command in '/home/om/dobot_ws/build/cr16_moveit' returned '0': AMENT_PREFIX_PATH=/home/om/dobot_ws/install/dobot_rviz:${AMENT_PREFIX_PATH} CMAKE_PREFIX_PATH=/home/om/dobot_ws/install/dobot_rviz:/opt/ros/humble /usr/bin/cmake /home/om/dobot_ws/src/cr16_moveit -DCMAKE_INSTALL_PREFIX=/home/om/dobot_ws/install/cr16_moveit
[0.764s] Invoking command in '/home/om/dobot_ws/build/cr16_moveit': AMENT_PREFIX_PATH=/home/om/dobot_ws/install/dobot_rviz:${AMENT_PREFIX_PATH} CMAKE_PREFIX_PATH=/home/om/dobot_ws/install/dobot_rviz:/opt/ros/humble /usr/bin/cmake --build /home/om/dobot_ws/build/cr16_moveit -- -j8 -l8
[0.818s] Invoked command in '/home/om/dobot_ws/build/cr16_moveit' returned '0': AMENT_PREFIX_PATH=/home/om/dobot_ws/install/dobot_rviz:${AMENT_PREFIX_PATH} CMAKE_PREFIX_PATH=/home/om/dobot_ws/install/dobot_rviz:/opt/ros/humble /usr/bin/cmake --build /home/om/dobot_ws/build/cr16_moveit -- -j8 -l8
[0.822s] Invoking command in '/home/om/dobot_ws/build/cr16_moveit': AMENT_PREFIX_PATH=/home/om/dobot_ws/install/dobot_rviz:${AMENT_PREFIX_PATH} CMAKE_PREFIX_PATH=/home/om/dobot_ws/install/dobot_rviz:/opt/ros/humble /usr/bin/cmake --install /home/om/dobot_ws/build/cr16_moveit
[0.841s] -- Install configuration: ""
[0.841s] -- Installing: /home/om/dobot_ws/install/cr16_moveit/share/ament_index/resource_index/package_run_dependencies/cr16_moveit
[0.841s] -- Installing: /home/om/dobot_ws/install/cr16_moveit/share/ament_index/resource_index/parent_prefix_path/cr16_moveit
[0.841s] -- Installing: /home/om/dobot_ws/install/cr16_moveit/share/cr16_moveit/environment/ament_prefix_path.sh
[0.841s] -- Installing: /home/om/dobot_ws/install/cr16_moveit/share/cr16_moveit/environment/ament_prefix_path.dsv
[0.842s] -- Installing: /home/om/dobot_ws/install/cr16_moveit/share/cr16_moveit/environment/path.sh
[0.842s] -- Installing: /home/om/dobot_ws/install/cr16_moveit/share/cr16_moveit/environment/path.dsv
[0.842s] -- Installing: /home/om/dobot_ws/install/cr16_moveit/share/cr16_moveit/local_setup.bash
[0.842s] -- Installing: /home/om/dobot_ws/install/cr16_moveit/share/cr16_moveit/local_setup.sh
[0.842s] -- Installing: /home/om/dobot_ws/install/cr16_moveit/share/cr16_moveit/local_setup.zsh
[0.842s] -- Installing: /home/om/dobot_ws/install/cr16_moveit/share/cr16_moveit/local_setup.dsv
[0.842s] -- Installing: /home/om/dobot_ws/install/cr16_moveit/share/cr16_moveit/package.dsv
[0.842s] -- Installing: /home/om/dobot_ws/install/cr16_moveit/share/ament_index/resource_index/packages/cr16_moveit
[0.842s] -- Installing: /home/om/dobot_ws/install/cr16_moveit/share/cr16_moveit/cmake/cr16_moveitConfig.cmake
[0.842s] -- Installing: /home/om/dobot_ws/install/cr16_moveit/share/cr16_moveit/cmake/cr16_moveitConfig-version.cmake
[0.842s] -- Installing: /home/om/dobot_ws/install/cr16_moveit/share/cr16_moveit/package.xml
[0.842s] -- Installing: /home/om/dobot_ws/install/cr16_moveit/share/cr16_moveit/launch
[0.842s] -- Installing: /home/om/dobot_ws/install/cr16_moveit/share/cr16_moveit/launch/demo.launch.py
[0.842s] -- Installing: /home/om/dobot_ws/install/cr16_moveit/share/cr16_moveit/launch/spawn_controllers.launch.py
[0.844s] -- Installing: /home/om/dobot_ws/install/cr16_moveit/share/cr16_moveit/launch/moveit_gazebo.launch.py
[0.844s] -- Installing: /home/om/dobot_ws/install/cr16_moveit/share/cr16_moveit/launch/warehouse_db.launch.py
[0.844s] -- Installing: /home/om/dobot_ws/install/cr16_moveit/share/cr16_moveit/launch/rsp.launch.py
[0.844s] -- Installing: /home/om/dobot_ws/install/cr16_moveit/share/cr16_moveit/launch/static_virtual_joint_tfs.launch.py
[0.844s] -- Installing: /home/om/dobot_ws/install/cr16_moveit/share/cr16_moveit/launch/move_group.launch.py
[0.844s] -- Installing: /home/om/dobot_ws/install/cr16_moveit/share/cr16_moveit/launch/setup_assistant.launch.py
[0.844s] -- Installing: /home/om/dobot_ws/install/cr16_moveit/share/cr16_moveit/launch/moveit_rviz.launch.py
[0.844s] -- Installing: /home/om/dobot_ws/install/cr16_moveit/share/cr16_moveit/config
[0.845s] -- Installing: /home/om/dobot_ws/install/cr16_moveit/share/cr16_moveit/config/moveit_controllers.yaml
[0.845s] -- Installing: /home/om/dobot_ws/install/cr16_moveit/share/cr16_moveit/config/joint_limits.yaml
[0.845s] -- Installing: /home/om/dobot_ws/install/cr16_moveit/share/cr16_moveit/config/cr16_robot.srdf
[0.845s] -- Installing: /home/om/dobot_ws/install/cr16_moveit/share/cr16_moveit/config/pilz_cartesian_limits.yaml
[0.845s] -- Installing: /home/om/dobot_ws/install/cr16_moveit/share/cr16_moveit/config/initial_positions.yaml
[0.845s] -- Installing: /home/om/dobot_ws/install/cr16_moveit/share/cr16_moveit/config/cr16_robot.ros2_control.xacro
[0.845s] -- Installing: /home/om/dobot_ws/install/cr16_moveit/share/cr16_moveit/config/moveit.rviz
[0.845s] -- Installing: /home/om/dobot_ws/install/cr16_moveit/share/cr16_moveit/config/ros2_controllers.yaml
[0.845s] -- Installing: /home/om/dobot_ws/install/cr16_moveit/share/cr16_moveit/config/kinematics.yaml
[0.845s] -- Installing: /home/om/dobot_ws/install/cr16_moveit/share/cr16_moveit/config/cr16_robot.urdf.xacro
[0.845s] -- Installing: /home/om/dobot_ws/install/cr16_moveit/share/cr16_moveit/.setup_assistant
[0.850s] Invoked command in '/home/om/dobot_ws/build/cr16_moveit' returned '0': AMENT_PREFIX_PATH=/home/om/dobot_ws/install/dobot_rviz:${AMENT_PREFIX_PATH} CMAKE_PREFIX_PATH=/home/om/dobot_ws/install/dobot_rviz:/opt/ros/humble /usr/bin/cmake --install /home/om/dobot_ws/build/cr16_moveit
