[2.121s] Invoking command in '/home/om/dobot_ws/src/dobot_moveit': PYTHONPATH=/home/om/dobot_ws/build/dobot_moveit/prefix_override:/usr/lib/python3/dist-packages/colcon_core/task/python/colcon_distutils_commands:/home/om/dobot_ws/install/dobot_moveit/lib/python3.10/site-packages:${PYTHONPATH} /usr/bin/python3 -W ignore:setup.py install is deprecated -W ignore:easy_install command is deprecated setup.py egg_info --egg-base ../../build/dobot_moveit build --build-base /home/om/dobot_ws/build/dobot_moveit/build install --record /home/om/dobot_ws/build/dobot_moveit/install.log --single-version-externally-managed install_data
[2.468s] running egg_info
[2.469s] writing ../../build/dobot_moveit/dobot_moveit.egg-info/PKG-INFO
[2.469s] writing dependency_links to ../../build/dobot_moveit/dobot_moveit.egg-info/dependency_links.txt
[2.469s] writing entry points to ../../build/dobot_moveit/dobot_moveit.egg-info/entry_points.txt
[2.470s] writing requirements to ../../build/dobot_moveit/dobot_moveit.egg-info/requires.txt
[2.470s] writing top-level names to ../../build/dobot_moveit/dobot_moveit.egg-info/top_level.txt
[2.472s] reading manifest file '../../build/dobot_moveit/dobot_moveit.egg-info/SOURCES.txt'
[2.475s] writing manifest file '../../build/dobot_moveit/dobot_moveit.egg-info/SOURCES.txt'
[2.475s] running build
[2.476s] running build_py
[2.476s] running install
[2.476s] running install_lib
[2.478s] running install_data
[2.478s] running install_egg_info
[2.481s] removing '/home/om/dobot_ws/install/dobot_moveit/lib/python3.10/site-packages/dobot_moveit-0.0.0-py3.10.egg-info' (and everything under it)
[2.481s] Copying ../../build/dobot_moveit/dobot_moveit.egg-info to /home/om/dobot_ws/install/dobot_moveit/lib/python3.10/site-packages/dobot_moveit-0.0.0-py3.10.egg-info
[2.485s] running install_scripts
[2.511s] writing list of installed files to '/home/om/dobot_ws/build/dobot_moveit/install.log'
[2.573s] Invoked command in '/home/om/dobot_ws/src/dobot_moveit' returned '0': PYTHONPATH=/home/om/dobot_ws/build/dobot_moveit/prefix_override:/usr/lib/python3/dist-packages/colcon_core/task/python/colcon_distutils_commands:/home/om/dobot_ws/install/dobot_moveit/lib/python3.10/site-packages:${PYTHONPATH} /usr/bin/python3 -W ignore:setup.py install is deprecated -W ignore:easy_install command is deprecated setup.py egg_info --egg-base ../../build/dobot_moveit build --build-base /home/om/dobot_ws/build/dobot_moveit/build install --record /home/om/dobot_ws/build/dobot_moveit/install.log --single-version-externally-managed install_data
