[0.082s] Invoking command in '/home/om/dobot_ws/build/cr16_moveit': CMAKE_PREFIX_PATH=/home/om/dobot_ws/install/dobot_rviz:/home/om/dobot_ws/install/me6_moveit:/home/om/dobot_ws/install/cr7_moveit:/home/om/dobot_ws/install/cr5_moveit:/home/om/dobot_ws/install/cr3_moveit:/home/om/dobot_ws/install/cr16_moveit:/home/om/dobot_ws/install/cr12_moveit:/home/om/dobot_ws/install/cr10_moveit:/home/om/dobot_ws/install/cr_robot_ros2:/home/om/dobot_ws/install/dobot_msgs_v4:/home/om/dobot_ws/install/dobot_gazebo:/home/om/dobot_ws/install/cra_description:/home/om/dobot_ws/install/servo_action:/home/om/dobot_ws/install/dobot_moveit:/home/om/dobot_ws/install/dobot_demo:/opt/ros/humble /usr/bin/cmake --build /home/om/dobot_ws/build/cr16_moveit -- -j8 -l8
[0.231s] Invoked command in '/home/om/dobot_ws/build/cr16_moveit' returned '0': CMAKE_PREFIX_PATH=/home/om/dobot_ws/install/dobot_rviz:/home/om/dobot_ws/install/me6_moveit:/home/om/dobot_ws/install/cr7_moveit:/home/om/dobot_ws/install/cr5_moveit:/home/om/dobot_ws/install/cr3_moveit:/home/om/dobot_ws/install/cr16_moveit:/home/om/dobot_ws/install/cr12_moveit:/home/om/dobot_ws/install/cr10_moveit:/home/om/dobot_ws/install/cr_robot_ros2:/home/om/dobot_ws/install/dobot_msgs_v4:/home/om/dobot_ws/install/dobot_gazebo:/home/om/dobot_ws/install/cra_description:/home/om/dobot_ws/install/servo_action:/home/om/dobot_ws/install/dobot_moveit:/home/om/dobot_ws/install/dobot_demo:/opt/ros/humble /usr/bin/cmake --build /home/om/dobot_ws/build/cr16_moveit -- -j8 -l8
[0.238s] Invoking command in '/home/om/dobot_ws/build/cr16_moveit': CMAKE_PREFIX_PATH=/home/om/dobot_ws/install/dobot_rviz:/home/om/dobot_ws/install/me6_moveit:/home/om/dobot_ws/install/cr7_moveit:/home/om/dobot_ws/install/cr5_moveit:/home/om/dobot_ws/install/cr3_moveit:/home/om/dobot_ws/install/cr16_moveit:/home/om/dobot_ws/install/cr12_moveit:/home/om/dobot_ws/install/cr10_moveit:/home/om/dobot_ws/install/cr_robot_ros2:/home/om/dobot_ws/install/dobot_msgs_v4:/home/om/dobot_ws/install/dobot_gazebo:/home/om/dobot_ws/install/cra_description:/home/om/dobot_ws/install/servo_action:/home/om/dobot_ws/install/dobot_moveit:/home/om/dobot_ws/install/dobot_demo:/opt/ros/humble /usr/bin/cmake --install /home/om/dobot_ws/build/cr16_moveit
[0.249s] -- Install configuration: ""
[0.249s] -- Up-to-date: /home/om/dobot_ws/install/cr16_moveit/share/ament_index/resource_index/package_run_dependencies/cr16_moveit
[0.249s] -- Up-to-date: /home/om/dobot_ws/install/cr16_moveit/share/ament_index/resource_index/parent_prefix_path/cr16_moveit
[0.249s] -- Up-to-date: /home/om/dobot_ws/install/cr16_moveit/share/cr16_moveit/environment/ament_prefix_path.sh
[0.249s] -- Up-to-date: /home/om/dobot_ws/install/cr16_moveit/share/cr16_moveit/environment/ament_prefix_path.dsv
[0.249s] -- Up-to-date: /home/om/dobot_ws/install/cr16_moveit/share/cr16_moveit/environment/path.sh
[0.249s] -- Up-to-date: /home/om/dobot_ws/install/cr16_moveit/share/cr16_moveit/environment/path.dsv
[0.249s] -- Up-to-date: /home/om/dobot_ws/install/cr16_moveit/share/cr16_moveit/local_setup.bash
[0.249s] -- Up-to-date: /home/om/dobot_ws/install/cr16_moveit/share/cr16_moveit/local_setup.sh
[0.250s] -- Up-to-date: /home/om/dobot_ws/install/cr16_moveit/share/cr16_moveit/local_setup.zsh
[0.250s] -- Up-to-date: /home/om/dobot_ws/install/cr16_moveit/share/cr16_moveit/local_setup.dsv
[0.250s] -- Installing: /home/om/dobot_ws/install/cr16_moveit/share/cr16_moveit/package.dsv
[0.250s] -- Up-to-date: /home/om/dobot_ws/install/cr16_moveit/share/ament_index/resource_index/packages/cr16_moveit
[0.250s] -- Up-to-date: /home/om/dobot_ws/install/cr16_moveit/share/cr16_moveit/cmake/cr16_moveitConfig.cmake
[0.250s] -- Up-to-date: /home/om/dobot_ws/install/cr16_moveit/share/cr16_moveit/cmake/cr16_moveitConfig-version.cmake
[0.250s] -- Up-to-date: /home/om/dobot_ws/install/cr16_moveit/share/cr16_moveit/package.xml
[0.250s] -- Up-to-date: /home/om/dobot_ws/install/cr16_moveit/share/cr16_moveit/launch
[0.250s] -- Up-to-date: /home/om/dobot_ws/install/cr16_moveit/share/cr16_moveit/launch/demo.launch.py
[0.250s] -- Up-to-date: /home/om/dobot_ws/install/cr16_moveit/share/cr16_moveit/launch/spawn_controllers.launch.py
[0.250s] -- Up-to-date: /home/om/dobot_ws/install/cr16_moveit/share/cr16_moveit/launch/moveit_gazebo.launch.py
[0.251s] -- Up-to-date: /home/om/dobot_ws/install/cr16_moveit/share/cr16_moveit/launch/warehouse_db.launch.py
[0.251s] -- Up-to-date: /home/om/dobot_ws/install/cr16_moveit/share/cr16_moveit/launch/rsp.launch.py
[0.251s] -- Up-to-date: /home/om/dobot_ws/install/cr16_moveit/share/cr16_moveit/launch/static_virtual_joint_tfs.launch.py
[0.251s] -- Up-to-date: /home/om/dobot_ws/install/cr16_moveit/share/cr16_moveit/launch/move_group.launch.py
[0.251s] -- Up-to-date: /home/om/dobot_ws/install/cr16_moveit/share/cr16_moveit/launch/setup_assistant.launch.py
[0.251s] -- Up-to-date: /home/om/dobot_ws/install/cr16_moveit/share/cr16_moveit/launch/moveit_rviz.launch.py
[0.251s] -- Up-to-date: /home/om/dobot_ws/install/cr16_moveit/share/cr16_moveit/config
[0.251s] -- Up-to-date: /home/om/dobot_ws/install/cr16_moveit/share/cr16_moveit/config/moveit_controllers.yaml
[0.251s] -- Up-to-date: /home/om/dobot_ws/install/cr16_moveit/share/cr16_moveit/config/joint_limits.yaml
[0.251s] -- Up-to-date: /home/om/dobot_ws/install/cr16_moveit/share/cr16_moveit/config/cr16_robot.srdf
[0.251s] -- Up-to-date: /home/om/dobot_ws/install/cr16_moveit/share/cr16_moveit/config/pilz_cartesian_limits.yaml
[0.251s] -- Up-to-date: /home/om/dobot_ws/install/cr16_moveit/share/cr16_moveit/config/initial_positions.yaml
[0.251s] -- Up-to-date: /home/om/dobot_ws/install/cr16_moveit/share/cr16_moveit/config/cr16_robot.ros2_control.xacro
[0.251s] -- Up-to-date: /home/om/dobot_ws/install/cr16_moveit/share/cr16_moveit/config/moveit.rviz
[0.251s] -- Up-to-date: /home/om/dobot_ws/install/cr16_moveit/share/cr16_moveit/config/ros2_controllers.yaml
[0.251s] -- Up-to-date: /home/om/dobot_ws/install/cr16_moveit/share/cr16_moveit/config/kinematics.yaml
[0.252s] -- Up-to-date: /home/om/dobot_ws/install/cr16_moveit/share/cr16_moveit/config/cr16_robot.urdf.xacro
[0.252s] -- Up-to-date: /home/om/dobot_ws/install/cr16_moveit/share/cr16_moveit/.setup_assistant
[0.345s] Invoked command in '/home/om/dobot_ws/build/cr16_moveit' returned '0': CMAKE_PREFIX_PATH=/home/om/dobot_ws/install/dobot_rviz:/home/om/dobot_ws/install/me6_moveit:/home/om/dobot_ws/install/cr7_moveit:/home/om/dobot_ws/install/cr5_moveit:/home/om/dobot_ws/install/cr3_moveit:/home/om/dobot_ws/install/cr16_moveit:/home/om/dobot_ws/install/cr12_moveit:/home/om/dobot_ws/install/cr10_moveit:/home/om/dobot_ws/install/cr_robot_ros2:/home/om/dobot_ws/install/dobot_msgs_v4:/home/om/dobot_ws/install/dobot_gazebo:/home/om/dobot_ws/install/cra_description:/home/om/dobot_ws/install/servo_action:/home/om/dobot_ws/install/dobot_moveit:/home/om/dobot_ws/install/dobot_demo:/opt/ros/humble /usr/bin/cmake --install /home/om/dobot_ws/build/cr16_moveit
