[0.037s] Invoking command in '/home/om/dobot_ws/build/cr5_moveit': AMENT_PREFIX_PATH=/home/om/dobot_ws/install/dobot_rviz:${AMENT_PREFIX_PATH} CMAKE_PREFIX_PATH=/home/om/dobot_ws/install/dobot_rviz:/opt/ros/humble /usr/bin/cmake /home/om/dobot_ws/src/cr5_moveit -DCMAKE_INSTALL_PREFIX=/home/om/dobot_ws/install/cr5_moveit
[0.103s] -- The C compiler identification is GNU 11.4.0
[0.156s] -- The CXX compiler identification is GNU 11.4.0
[0.163s] -- Detecting C compiler ABI info
[0.234s] -- Detecting C compiler ABI info - done
[0.241s] -- Check for working C compiler: /usr/bin/cc - skipped
[0.242s] -- Detecting C compile features
[0.242s] -- Detecting C compile features - done
[0.245s] -- Detecting CXX compiler ABI info
[0.324s] -- Detecting CXX compiler ABI info - done
[0.331s] -- Check for working CXX compiler: /usr/bin/c++ - skipped
[0.331s] -- Detecting CXX compile features
[0.331s] -- Detecting CXX compile features - done
[0.334s] -- Found ament_cmake: 1.3.11 (/opt/ros/humble/share/ament_cmake/cmake)
[0.474s] -- Found Python3: /usr/bin/python3 (found version "3.10.12") found components: Interpreter 
[0.636s] -- Configuring done
[0.638s] -- Generating done
[0.639s] -- Build files have been written to: /home/om/dobot_ws/build/cr5_moveit
[0.644s] Invoked command in '/home/om/dobot_ws/build/cr5_moveit' returned '0': AMENT_PREFIX_PATH=/home/om/dobot_ws/install/dobot_rviz:${AMENT_PREFIX_PATH} CMAKE_PREFIX_PATH=/home/om/dobot_ws/install/dobot_rviz:/opt/ros/humble /usr/bin/cmake /home/om/dobot_ws/src/cr5_moveit -DCMAKE_INSTALL_PREFIX=/home/om/dobot_ws/install/cr5_moveit
[0.646s] Invoking command in '/home/om/dobot_ws/build/cr5_moveit': AMENT_PREFIX_PATH=/home/om/dobot_ws/install/dobot_rviz:${AMENT_PREFIX_PATH} CMAKE_PREFIX_PATH=/home/om/dobot_ws/install/dobot_rviz:/opt/ros/humble /usr/bin/cmake --build /home/om/dobot_ws/build/cr5_moveit -- -j8 -l8
[0.685s] Invoked command in '/home/om/dobot_ws/build/cr5_moveit' returned '0': AMENT_PREFIX_PATH=/home/om/dobot_ws/install/dobot_rviz:${AMENT_PREFIX_PATH} CMAKE_PREFIX_PATH=/home/om/dobot_ws/install/dobot_rviz:/opt/ros/humble /usr/bin/cmake --build /home/om/dobot_ws/build/cr5_moveit -- -j8 -l8
[0.687s] Invoking command in '/home/om/dobot_ws/build/cr5_moveit': AMENT_PREFIX_PATH=/home/om/dobot_ws/install/dobot_rviz:${AMENT_PREFIX_PATH} CMAKE_PREFIX_PATH=/home/om/dobot_ws/install/dobot_rviz:/opt/ros/humble /usr/bin/cmake --install /home/om/dobot_ws/build/cr5_moveit
[0.692s] -- Install configuration: ""
[0.692s] -- Installing: /home/om/dobot_ws/install/cr5_moveit/share/ament_index/resource_index/package_run_dependencies/cr5_moveit
[0.692s] -- Installing: /home/om/dobot_ws/install/cr5_moveit/share/ament_index/resource_index/parent_prefix_path/cr5_moveit
[0.692s] -- Installing: /home/om/dobot_ws/install/cr5_moveit/share/cr5_moveit/environment/ament_prefix_path.sh
[0.692s] -- Installing: /home/om/dobot_ws/install/cr5_moveit/share/cr5_moveit/environment/ament_prefix_path.dsv
[0.692s] -- Installing: /home/om/dobot_ws/install/cr5_moveit/share/cr5_moveit/environment/path.sh
[0.692s] -- Installing: /home/om/dobot_ws/install/cr5_moveit/share/cr5_moveit/environment/path.dsv
[0.692s] -- Installing: /home/om/dobot_ws/install/cr5_moveit/share/cr5_moveit/local_setup.bash
[0.693s] -- Installing: /home/om/dobot_ws/install/cr5_moveit/share/cr5_moveit/local_setup.sh
[0.693s] -- Installing: /home/om/dobot_ws/install/cr5_moveit/share/cr5_moveit/local_setup.zsh
[0.693s] -- Installing: /home/om/dobot_ws/install/cr5_moveit/share/cr5_moveit/local_setup.dsv
[0.693s] -- Installing: /home/om/dobot_ws/install/cr5_moveit/share/cr5_moveit/package.dsv
[0.693s] -- Installing: /home/om/dobot_ws/install/cr5_moveit/share/ament_index/resource_index/packages/cr5_moveit
[0.693s] -- Installing: /home/om/dobot_ws/install/cr5_moveit/share/cr5_moveit/cmake/cr5_moveitConfig.cmake
[0.693s] -- Installing: /home/om/dobot_ws/install/cr5_moveit/share/cr5_moveit/cmake/cr5_moveitConfig-version.cmake
[0.693s] -- Installing: /home/om/dobot_ws/install/cr5_moveit/share/cr5_moveit/package.xml
[0.693s] -- Installing: /home/om/dobot_ws/install/cr5_moveit/share/cr5_moveit/launch
[0.693s] -- Installing: /home/om/dobot_ws/install/cr5_moveit/share/cr5_moveit/launch/demo.launch.py
[0.693s] -- Installing: /home/om/dobot_ws/install/cr5_moveit/share/cr5_moveit/launch/spawn_controllers.launch.py
[0.694s] -- Installing: /home/om/dobot_ws/install/cr5_moveit/share/cr5_moveit/launch/moveit_gazebo.launch.py
[0.694s] -- Installing: /home/om/dobot_ws/install/cr5_moveit/share/cr5_moveit/launch/warehouse_db.launch.py
[0.694s] -- Installing: /home/om/dobot_ws/install/cr5_moveit/share/cr5_moveit/launch/rsp.launch.py
[0.694s] -- Installing: /home/om/dobot_ws/install/cr5_moveit/share/cr5_moveit/launch/static_virtual_joint_tfs.launch.py
[0.695s] -- Installing: /home/om/dobot_ws/install/cr5_moveit/share/cr5_moveit/launch/move_group.launch.py
[0.695s] -- Installing: /home/om/dobot_ws/install/cr5_moveit/share/cr5_moveit/launch/setup_assistant.launch.py
[0.695s] -- Installing: /home/om/dobot_ws/install/cr5_moveit/share/cr5_moveit/launch/moveit_rviz.launch.py
[0.695s] -- Installing: /home/om/dobot_ws/install/cr5_moveit/share/cr5_moveit/config
[0.695s] -- Installing: /home/om/dobot_ws/install/cr5_moveit/share/cr5_moveit/config/moveit_controllers.yaml
[0.696s] -- Installing: /home/om/dobot_ws/install/cr5_moveit/share/cr5_moveit/config/cr5_robot.ros2_control.xacro
[0.697s] -- Installing: /home/om/dobot_ws/install/cr5_moveit/share/cr5_moveit/config/joint_limits.yaml
[0.697s] -- Installing: /home/om/dobot_ws/install/cr5_moveit/share/cr5_moveit/config/pilz_cartesian_limits.yaml
[0.697s] -- Installing: /home/om/dobot_ws/install/cr5_moveit/share/cr5_moveit/config/initial_positions.yaml
[0.697s] -- Installing: /home/om/dobot_ws/install/cr5_moveit/share/cr5_moveit/config/cr5_robot.srdf
[0.697s] -- Installing: /home/om/dobot_ws/install/cr5_moveit/share/cr5_moveit/config/cr5_robot.urdf.xacro
[0.698s] -- Installing: /home/om/dobot_ws/install/cr5_moveit/share/cr5_moveit/config/moveit.rviz
[0.698s] -- Installing: /home/om/dobot_ws/install/cr5_moveit/share/cr5_moveit/config/ros2_controllers.yaml
[0.698s] -- Installing: /home/om/dobot_ws/install/cr5_moveit/share/cr5_moveit/config/kinematics.yaml
[0.698s] -- Installing: /home/om/dobot_ws/install/cr5_moveit/share/cr5_moveit/.setup_assistant
[0.703s] Invoked command in '/home/om/dobot_ws/build/cr5_moveit' returned '0': AMENT_PREFIX_PATH=/home/om/dobot_ws/install/dobot_rviz:${AMENT_PREFIX_PATH} CMAKE_PREFIX_PATH=/home/om/dobot_ws/install/dobot_rviz:/opt/ros/humble /usr/bin/cmake --install /home/om/dobot_ws/build/cr5_moveit
