[3.376s] Invoking command in '/home/om/dobot_ws/src/servo_action': PYTHONPATH=/home/om/dobot_ws/build/servo_action/prefix_override:/usr/lib/python3/dist-packages/colcon_core/task/python/colcon_distutils_commands:/home/om/dobot_ws/install/servo_action/lib/python3.10/site-packages:${PYTHONPATH} /usr/bin/python3 -W ignore:setup.py install is deprecated -W ignore:easy_install command is deprecated setup.py egg_info --egg-base ../../build/servo_action build --build-base /home/om/dobot_ws/build/servo_action/build install --record /home/om/dobot_ws/build/servo_action/install.log --single-version-externally-managed install_data
[3.633s] running egg_info
[3.634s] writing ../../build/servo_action/servo_action.egg-info/PKG-INFO
[3.634s] writing dependency_links to ../../build/servo_action/servo_action.egg-info/dependency_links.txt
[3.634s] writing entry points to ../../build/servo_action/servo_action.egg-info/entry_points.txt
[3.634s] writing requirements to ../../build/servo_action/servo_action.egg-info/requires.txt
[3.634s] writing top-level names to ../../build/servo_action/servo_action.egg-info/top_level.txt
[3.637s] reading manifest file '../../build/servo_action/servo_action.egg-info/SOURCES.txt'
[3.638s] writing manifest file '../../build/servo_action/servo_action.egg-info/SOURCES.txt'
[3.638s] running build
[3.638s] running build_py
[3.639s] running install
[3.639s] running install_lib
[3.641s] running install_data
[3.641s] running install_egg_info
[3.645s] removing '/home/om/dobot_ws/install/servo_action/lib/python3.10/site-packages/servo_action-0.0.0-py3.10.egg-info' (and everything under it)
[3.645s] Copying ../../build/servo_action/servo_action.egg-info to /home/om/dobot_ws/install/servo_action/lib/python3.10/site-packages/servo_action-0.0.0-py3.10.egg-info
[3.646s] running install_scripts
[3.674s] Installing Joint_Position script to /home/om/dobot_ws/install/servo_action/lib/servo_action
[3.674s] Installing action_move_client script to /home/om/dobot_ws/install/servo_action/lib/servo_action
[3.674s] Installing action_move_client_reality script to /home/om/dobot_ws/install/servo_action/lib/servo_action
[3.675s] Installing action_move_server script to /home/om/dobot_ws/install/servo_action/lib/servo_action
[3.675s] Installing action_move_server_reality script to /home/om/dobot_ws/install/servo_action/lib/servo_action
[3.675s] writing list of installed files to '/home/om/dobot_ws/build/servo_action/install.log'
[3.714s] Invoked command in '/home/om/dobot_ws/src/servo_action' returned '0': PYTHONPATH=/home/om/dobot_ws/build/servo_action/prefix_override:/usr/lib/python3/dist-packages/colcon_core/task/python/colcon_distutils_commands:/home/om/dobot_ws/install/servo_action/lib/python3.10/site-packages:${PYTHONPATH} /usr/bin/python3 -W ignore:setup.py install is deprecated -W ignore:easy_install command is deprecated setup.py egg_info --egg-base ../../build/servo_action build --build-base /home/om/dobot_ws/build/servo_action/build install --record /home/om/dobot_ws/build/servo_action/install.log --single-version-externally-managed install_data
