[1.644s] Invoking command in '/home/om/dobot_ws/src/dobot_demo': PYTHONPATH=/home/om/dobot_ws/build/dobot_demo/prefix_override:/usr/lib/python3/dist-packages/colcon_core/task/python/colcon_distutils_commands:/home/om/dobot_ws/install/dobot_demo/lib/python3.10/site-packages:${PYTHONPATH} /usr/bin/python3 -W ignore:setup.py install is deprecated -W ignore:easy_install command is deprecated setup.py egg_info --egg-base ../../build/dobot_demo build --build-base /home/om/dobot_ws/build/dobot_demo/build install --record /home/om/dobot_ws/build/dobot_demo/install.log --single-version-externally-managed install_data
[2.078s] running egg_info
[2.078s] creating ../../build/dobot_demo/dobot_demo.egg-info
[2.078s] writing ../../build/dobot_demo/dobot_demo.egg-info/PKG-INFO
[2.078s] writing dependency_links to ../../build/dobot_demo/dobot_demo.egg-info/dependency_links.txt
[2.079s] writing entry points to ../../build/dobot_demo/dobot_demo.egg-info/entry_points.txt
[2.079s] writing requirements to ../../build/dobot_demo/dobot_demo.egg-info/requires.txt
[2.079s] writing top-level names to ../../build/dobot_demo/dobot_demo.egg-info/top_level.txt
[2.079s] writing manifest file '../../build/dobot_demo/dobot_demo.egg-info/SOURCES.txt'
[2.079s] reading manifest file '../../build/dobot_demo/dobot_demo.egg-info/SOURCES.txt'
[2.079s] writing manifest file '../../build/dobot_demo/dobot_demo.egg-info/SOURCES.txt'
[2.079s] running build
[2.079s] running build_py
[2.079s] creating /home/om/dobot_ws/build/dobot_demo/build
[2.079s] creating /home/om/dobot_ws/build/dobot_demo/build/lib
[2.079s] creating /home/om/dobot_ws/build/dobot_demo/build/lib/dobot_demo
[2.079s] copying dobot_demo/demo.py -> /home/om/dobot_ws/build/dobot_demo/build/lib/dobot_demo
[2.079s] copying dobot_demo/__init__.py -> /home/om/dobot_ws/build/dobot_demo/build/lib/dobot_demo
[2.079s] running install
[2.080s] running install_lib
[2.080s] creating /home/om/dobot_ws/install/dobot_demo/lib/python3.10/site-packages/dobot_demo
[2.080s] copying /home/om/dobot_ws/build/dobot_demo/build/lib/dobot_demo/demo.py -> /home/om/dobot_ws/install/dobot_demo/lib/python3.10/site-packages/dobot_demo
[2.080s] copying /home/om/dobot_ws/build/dobot_demo/build/lib/dobot_demo/__init__.py -> /home/om/dobot_ws/install/dobot_demo/lib/python3.10/site-packages/dobot_demo
[2.080s] byte-compiling /home/om/dobot_ws/install/dobot_demo/lib/python3.10/site-packages/dobot_demo/demo.py to demo.cpython-310.pyc
[2.080s] byte-compiling /home/om/dobot_ws/install/dobot_demo/lib/python3.10/site-packages/dobot_demo/__init__.py to __init__.cpython-310.pyc
[2.080s] running install_data
[2.080s] creating /home/om/dobot_ws/install/dobot_demo/share/ament_index
[2.080s] creating /home/om/dobot_ws/install/dobot_demo/share/ament_index/resource_index
[2.080s] creating /home/om/dobot_ws/install/dobot_demo/share/ament_index/resource_index/packages
[2.080s] copying resource/dobot_demo -> /home/om/dobot_ws/install/dobot_demo/share/ament_index/resource_index/packages
[2.080s] copying package.xml -> /home/om/dobot_ws/install/dobot_demo/share/dobot_demo
[2.080s] running install_egg_info
[2.080s] Copying ../../build/dobot_demo/dobot_demo.egg-info to /home/om/dobot_ws/install/dobot_demo/lib/python3.10/site-packages/dobot_demo-0.0.0-py3.10.egg-info
[2.080s] running install_scripts
[2.081s] Installing demo script to /home/om/dobot_ws/install/dobot_demo/lib/dobot_demo
[2.081s] writing list of installed files to '/home/om/dobot_ws/build/dobot_demo/install.log'
[2.093s] Invoked command in '/home/om/dobot_ws/src/dobot_demo' returned '0': PYTHONPATH=/home/om/dobot_ws/build/dobot_demo/prefix_override:/usr/lib/python3/dist-packages/colcon_core/task/python/colcon_distutils_commands:/home/om/dobot_ws/install/dobot_demo/lib/python3.10/site-packages:${PYTHONPATH} /usr/bin/python3 -W ignore:setup.py install is deprecated -W ignore:easy_install command is deprecated setup.py egg_info --egg-base ../../build/dobot_demo build --build-base /home/om/dobot_ws/build/dobot_demo/build install --record /home/om/dobot_ws/build/dobot_demo/install.log --single-version-externally-managed install_data
