[0.081s] Invoking command in '/home/om/dobot_ws/build/cra_description': CMAKE_PREFIX_PATH=${CMAKE_PREFIX_PATH}:/home/om/dobot_ws/install/servo_action:/home/om/dobot_ws/install/dobot_moveit:/home/om/dobot_ws/install/dobot_demo:/opt/ros/humble /usr/bin/cmake --build /home/om/dobot_ws/build/cra_description -- -j8 -l8
[0.846s] Invoked command in '/home/om/dobot_ws/build/cra_description' returned '0': CMAKE_PREFIX_PATH=${CMAKE_PREFIX_PATH}:/home/om/dobot_ws/install/servo_action:/home/om/dobot_ws/install/dobot_moveit:/home/om/dobot_ws/install/dobot_demo:/opt/ros/humble /usr/bin/cmake --build /home/om/dobot_ws/build/cra_description -- -j8 -l8
[0.859s] Invoking command in '/home/om/dobot_ws/build/cra_description': CMAKE_PREFIX_PATH=${CMAKE_PREFIX_PATH}:/home/om/dobot_ws/install/servo_action:/home/om/dobot_ws/install/dobot_moveit:/home/om/dobot_ws/install/dobot_demo:/opt/ros/humble /usr/bin/cmake --install /home/om/dobot_ws/build/cra_description
[1.248s] -- Install configuration: ""
[1.248s] -- Up-to-date: /home/om/dobot_ws/install/cra_description/share/ament_index/resource_index/package_run_dependencies/cra_description
[1.248s] -- Up-to-date: /home/om/dobot_ws/install/cra_description/share/ament_index/resource_index/parent_prefix_path/cra_description
[1.248s] -- Up-to-date: /home/om/dobot_ws/install/cra_description/share/cra_description/environment/ament_prefix_path.sh
[1.249s] -- Up-to-date: /home/om/dobot_ws/install/cra_description/share/cra_description/environment/ament_prefix_path.dsv
[1.249s] -- Up-to-date: /home/om/dobot_ws/install/cra_description/share/cra_description/environment/path.sh
[1.249s] -- Up-to-date: /home/om/dobot_ws/install/cra_description/share/cra_description/environment/path.dsv
[1.249s] -- Up-to-date: /home/om/dobot_ws/install/cra_description/share/cra_description/local_setup.bash
[1.250s] -- Up-to-date: /home/om/dobot_ws/install/cra_description/share/cra_description/local_setup.sh
[1.250s] -- Up-to-date: /home/om/dobot_ws/install/cra_description/share/cra_description/local_setup.zsh
[1.250s] -- Up-to-date: /home/om/dobot_ws/install/cra_description/share/cra_description/local_setup.dsv
[1.250s] -- Installing: /home/om/dobot_ws/install/cra_description/share/cra_description/package.dsv
[1.250s] -- Up-to-date: /home/om/dobot_ws/install/cra_description/share/ament_index/resource_index/packages/cra_description
[1.250s] -- Up-to-date: /home/om/dobot_ws/install/cra_description/share/cra_description/cmake/cra_descriptionConfig.cmake
[1.250s] -- Up-to-date: /home/om/dobot_ws/install/cra_description/share/cra_description/cmake/cra_descriptionConfig-version.cmake
[1.250s] -- Up-to-date: /home/om/dobot_ws/install/cra_description/share/cra_description/package.xml
[1.250s] -- Up-to-date: /home/om/dobot_ws/install/cra_description/share/cra_description/urdf
[1.250s] -- Up-to-date: /home/om/dobot_ws/install/cra_description/share/cra_description/urdf/nova2_robot.xacro
[1.250s] -- Up-to-date: /home/om/dobot_ws/install/cra_description/share/cra_description/urdf/cr3_robot.xacro
[1.250s] -- Up-to-date: /home/om/dobot_ws/install/cra_description/share/cra_description/urdf/cr12_robot.xacro
[1.251s] -- Up-to-date: /home/om/dobot_ws/install/cra_description/share/cra_description/urdf/cr10_robot.xacro
[1.252s] -- Up-to-date: /home/om/dobot_ws/install/cra_description/share/cra_description/urdf/cr7_robot.xacro
[1.252s] -- Up-to-date: /home/om/dobot_ws/install/cra_description/share/cra_description/urdf/me6_robot.xacro
[1.252s] -- Up-to-date: /home/om/dobot_ws/install/cra_description/share/cra_description/urdf/nova5_robot.xacro
[1.253s] -- Up-to-date: /home/om/dobot_ws/install/cra_description/share/cra_description/urdf/cr5_robot.xacro
[1.253s] -- Up-to-date: /home/om/dobot_ws/install/cra_description/share/cra_description/urdf/cr16_robot.xacro
[1.253s] -- Up-to-date: /home/om/dobot_ws/install/cra_description/share/cra_description/meshes
[1.253s] -- Up-to-date: /home/om/dobot_ws/install/cra_description/share/cra_description/meshes/nova5
[1.254s] -- Up-to-date: /home/om/dobot_ws/install/cra_description/share/cra_description/meshes/nova5/Link2.STL
[1.254s] -- Up-to-date: /home/om/dobot_ws/install/cra_description/share/cra_description/meshes/nova5/Link5.STL
[1.254s] -- Up-to-date: /home/om/dobot_ws/install/cra_description/share/cra_description/meshes/nova5/Link3.STL
[1.254s] -- Up-to-date: /home/om/dobot_ws/install/cra_description/share/cra_description/meshes/nova5/Link4.STL
[1.255s] -- Up-to-date: /home/om/dobot_ws/install/cra_description/share/cra_description/meshes/nova5/Link1.STL
[1.255s] -- Up-to-date: /home/om/dobot_ws/install/cra_description/share/cra_description/meshes/nova5/base_link.STL
[1.255s] -- Up-to-date: /home/om/dobot_ws/install/cra_description/share/cra_description/meshes/nova5/Link6.STL
[1.255s] -- Up-to-date: /home/om/dobot_ws/install/cra_description/share/cra_description/meshes/cr12
[1.255s] -- Up-to-date: /home/om/dobot_ws/install/cra_description/share/cra_description/meshes/cr12/J6.STL
[1.255s] -- Up-to-date: /home/om/dobot_ws/install/cra_description/share/cra_description/meshes/cr12/base_link0.STL
[1.255s] -- Up-to-date: /home/om/dobot_ws/install/cra_description/share/cra_description/meshes/cr12/J1.STL
[1.255s] -- Up-to-date: /home/om/dobot_ws/install/cra_description/share/cra_description/meshes/cr12/J4.STL
[1.255s] -- Up-to-date: /home/om/dobot_ws/install/cra_description/share/cra_description/meshes/cr12/J2.STL
[1.256s] -- Up-to-date: /home/om/dobot_ws/install/cra_description/share/cra_description/meshes/cr12/J5.STL
[1.256s] -- Up-to-date: /home/om/dobot_ws/install/cra_description/share/cra_description/meshes/cr12/J3.STL
[1.256s] -- Up-to-date: /home/om/dobot_ws/install/cra_description/share/cra_description/meshes/me6
[1.257s] -- Up-to-date: /home/om/dobot_ws/install/cra_description/share/cra_description/meshes/me6/Link2.STL
[1.257s] -- Up-to-date: /home/om/dobot_ws/install/cra_description/share/cra_description/meshes/me6/Link5.STL
[1.258s] -- Up-to-date: /home/om/dobot_ws/install/cra_description/share/cra_description/meshes/me6/Link3.STL
[1.258s] -- Up-to-date: /home/om/dobot_ws/install/cra_description/share/cra_description/meshes/me6/Link4.STL
[1.258s] -- Up-to-date: /home/om/dobot_ws/install/cra_description/share/cra_description/meshes/me6/Link1.STL
[1.258s] -- Up-to-date: /home/om/dobot_ws/install/cra_description/share/cra_description/meshes/me6/base_link.STL
[1.258s] -- Up-to-date: /home/om/dobot_ws/install/cra_description/share/cra_description/meshes/me6/Link6.STL
[1.258s] -- Up-to-date: /home/om/dobot_ws/install/cra_description/share/cra_description/meshes/cr7
[1.258s] -- Up-to-date: /home/om/dobot_ws/install/cra_description/share/cra_description/meshes/cr7/J6.STL
[1.259s] -- Up-to-date: /home/om/dobot_ws/install/cra_description/share/cra_description/meshes/cr7/base_link0.STL
[1.259s] -- Up-to-date: /home/om/dobot_ws/install/cra_description/share/cra_description/meshes/cr7/J1.STL
[1.259s] -- Up-to-date: /home/om/dobot_ws/install/cra_description/share/cra_description/meshes/cr7/J4.STL
[1.259s] -- Up-to-date: /home/om/dobot_ws/install/cra_description/share/cra_description/meshes/cr7/J2.STL
[1.259s] -- Up-to-date: /home/om/dobot_ws/install/cra_description/share/cra_description/meshes/cr7/J5.STL
[1.259s] -- Up-to-date: /home/om/dobot_ws/install/cra_description/share/cra_description/meshes/cr7/J3.STL
[1.259s] -- Up-to-date: /home/om/dobot_ws/install/cra_description/share/cra_description/meshes/nova2
[1.260s] -- Up-to-date: /home/om/dobot_ws/install/cra_description/share/cra_description/meshes/nova2/Link2.STL
[1.261s] -- Up-to-date: /home/om/dobot_ws/install/cra_description/share/cra_description/meshes/nova2/Link5.STL
[1.261s] -- Up-to-date: /home/om/dobot_ws/install/cra_description/share/cra_description/meshes/nova2/Link3.STL
[1.262s] -- Up-to-date: /home/om/dobot_ws/install/cra_description/share/cra_description/meshes/nova2/Link4.STL
[1.262s] -- Up-to-date: /home/om/dobot_ws/install/cra_description/share/cra_description/meshes/nova2/Link1.STL
[1.262s] -- Up-to-date: /home/om/dobot_ws/install/cra_description/share/cra_description/meshes/nova2/base_link.STL
[1.262s] -- Up-to-date: /home/om/dobot_ws/install/cra_description/share/cra_description/meshes/nova2/Link6.STL
[1.262s] -- Up-to-date: /home/om/dobot_ws/install/cra_description/share/cra_description/meshes/cr5
[1.262s] -- Up-to-date: /home/om/dobot_ws/install/cra_description/share/cra_description/meshes/cr5/Link3.dae
[1.262s] -- Up-to-date: /home/om/dobot_ws/install/cra_description/share/cra_description/meshes/cr5/Link2.dae
[1.262s] -- Up-to-date: /home/om/dobot_ws/install/cra_description/share/cra_description/meshes/cr5/Link1.dae
[1.263s] -- Up-to-date: /home/om/dobot_ws/install/cra_description/share/cra_description/meshes/cr5/Link6.dae
[1.263s] -- Up-to-date: /home/om/dobot_ws/install/cra_description/share/cra_description/meshes/cr5/base_link.dae
[1.263s] -- Up-to-date: /home/om/dobot_ws/install/cra_description/share/cra_description/meshes/cr5/Link4.dae
[1.263s] -- Up-to-date: /home/om/dobot_ws/install/cra_description/share/cra_description/meshes/cr5/Link5.dae
[1.263s] -- Up-to-date: /home/om/dobot_ws/install/cra_description/share/cra_description/meshes/cr10
[1.263s] -- Up-to-date: /home/om/dobot_ws/install/cra_description/share/cra_description/meshes/cr10/Link2.STL
[1.263s] -- Up-to-date: /home/om/dobot_ws/install/cra_description/share/cra_description/meshes/cr10/Link5.STL
[1.263s] -- Up-to-date: /home/om/dobot_ws/install/cra_description/share/cra_description/meshes/cr10/Link3.STL
[1.264s] -- Up-to-date: /home/om/dobot_ws/install/cra_description/share/cra_description/meshes/cr10/Link4.STL
[1.264s] -- Up-to-date: /home/om/dobot_ws/install/cra_description/share/cra_description/meshes/cr10/Link1.STL
[1.269s] -- Up-to-date: /home/om/dobot_ws/install/cra_description/share/cra_description/meshes/cr10/base_link.STL
[1.269s] -- Up-to-date: /home/om/dobot_ws/install/cra_description/share/cra_description/meshes/cr10/Link6.STL
[1.269s] -- Up-to-date: /home/om/dobot_ws/install/cra_description/share/cra_description/meshes/cr3
[1.270s] -- Up-to-date: /home/om/dobot_ws/install/cra_description/share/cra_description/meshes/cr3/Link2.STL
[1.270s] -- Up-to-date: /home/om/dobot_ws/install/cra_description/share/cra_description/meshes/cr3/Link5.STL
[1.270s] -- Up-to-date: /home/om/dobot_ws/install/cra_description/share/cra_description/meshes/cr3/Link3.STL
[1.270s] -- Up-to-date: /home/om/dobot_ws/install/cra_description/share/cra_description/meshes/cr3/Link4.STL
[1.270s] -- Up-to-date: /home/om/dobot_ws/install/cra_description/share/cra_description/meshes/cr3/Link1.STL
[1.270s] -- Up-to-date: /home/om/dobot_ws/install/cra_description/share/cra_description/meshes/cr3/base_link.STL
[1.270s] -- Up-to-date: /home/om/dobot_ws/install/cra_description/share/cra_description/meshes/cr3/Link6.STL
[1.270s] -- Up-to-date: /home/om/dobot_ws/install/cra_description/share/cra_description/meshes/cr16
[1.271s] -- Up-to-date: /home/om/dobot_ws/install/cra_description/share/cra_description/meshes/cr16/Link2.STL
[1.271s] -- Up-to-date: /home/om/dobot_ws/install/cra_description/share/cra_description/meshes/cr16/Link5.STL
[1.271s] -- Up-to-date: /home/om/dobot_ws/install/cra_description/share/cra_description/meshes/cr16/Link3.STL
[1.271s] -- Up-to-date: /home/om/dobot_ws/install/cra_description/share/cra_description/meshes/cr16/Link4.STL
[1.271s] -- Up-to-date: /home/om/dobot_ws/install/cra_description/share/cra_description/meshes/cr16/Link1.STL
[1.271s] -- Up-to-date: /home/om/dobot_ws/install/cra_description/share/cra_description/meshes/cr16/base_link.STL
[1.272s] -- Up-to-date: /home/om/dobot_ws/install/cra_description/share/cra_description/meshes/cr16/Link6.STL
[1.363s] Invoked command in '/home/om/dobot_ws/build/cra_description' returned '0': CMAKE_PREFIX_PATH=${CMAKE_PREFIX_PATH}:/home/om/dobot_ws/install/servo_action:/home/om/dobot_ws/install/dobot_moveit:/home/om/dobot_ws/install/dobot_demo:/opt/ros/humble /usr/bin/cmake --install /home/om/dobot_ws/build/cra_description
