[0.026s] Invoking command in '/home/om/dobot_ws/build/cr12_moveit': AMENT_PREFIX_PATH=/home/om/dobot_ws/install/dobot_rviz:${AMENT_PREFIX_PATH} CMAKE_PREFIX_PATH=/home/om/dobot_ws/install/dobot_rviz:/opt/ros/humble /usr/bin/cmake /home/om/dobot_ws/src/cr12_moveit -DCMAKE_INSTALL_PREFIX=/home/om/dobot_ws/install/cr12_moveit
[0.107s] -- The C compiler identification is GNU 11.4.0
[0.172s] -- The CXX compiler identification is GNU 11.4.0
[0.180s] -- Detecting C compiler ABI info
[0.269s] -- Detecting C compiler ABI info - done
[0.277s] -- Check for working C compiler: /usr/bin/cc - skipped
[0.277s] -- Detecting C compile features
[0.278s] -- Detecting C compile features - done
[0.283s] -- Detecting CXX compiler ABI info
[0.396s] -- Detecting CXX compiler ABI info - done
[0.405s] -- Check for working CXX compiler: /usr/bin/c++ - skipped
[0.406s] -- Detecting CXX compile features
[0.406s] -- Detecting CXX compile features - done
[0.410s] -- Found ament_cmake: 1.3.11 (/opt/ros/humble/share/ament_cmake/cmake)
[0.596s] -- Found Python3: /usr/bin/python3 (found version "3.10.12") found components: Interpreter 
[0.773s] -- Configuring done
[0.775s] -- Generating done
[0.776s] -- Build files have been written to: /home/om/dobot_ws/build/cr12_moveit
[0.804s] Invoked command in '/home/om/dobot_ws/build/cr12_moveit' returned '0': AMENT_PREFIX_PATH=/home/om/dobot_ws/install/dobot_rviz:${AMENT_PREFIX_PATH} CMAKE_PREFIX_PATH=/home/om/dobot_ws/install/dobot_rviz:/opt/ros/humble /usr/bin/cmake /home/om/dobot_ws/src/cr12_moveit -DCMAKE_INSTALL_PREFIX=/home/om/dobot_ws/install/cr12_moveit
[0.806s] Invoking command in '/home/om/dobot_ws/build/cr12_moveit': AMENT_PREFIX_PATH=/home/om/dobot_ws/install/dobot_rviz:${AMENT_PREFIX_PATH} CMAKE_PREFIX_PATH=/home/om/dobot_ws/install/dobot_rviz:/opt/ros/humble /usr/bin/cmake --build /home/om/dobot_ws/build/cr12_moveit -- -j8 -l8
[0.883s] Invoked command in '/home/om/dobot_ws/build/cr12_moveit' returned '0': AMENT_PREFIX_PATH=/home/om/dobot_ws/install/dobot_rviz:${AMENT_PREFIX_PATH} CMAKE_PREFIX_PATH=/home/om/dobot_ws/install/dobot_rviz:/opt/ros/humble /usr/bin/cmake --build /home/om/dobot_ws/build/cr12_moveit -- -j8 -l8
[0.885s] Invoking command in '/home/om/dobot_ws/build/cr12_moveit': AMENT_PREFIX_PATH=/home/om/dobot_ws/install/dobot_rviz:${AMENT_PREFIX_PATH} CMAKE_PREFIX_PATH=/home/om/dobot_ws/install/dobot_rviz:/opt/ros/humble /usr/bin/cmake --install /home/om/dobot_ws/build/cr12_moveit
[0.889s] -- Install configuration: ""
[0.889s] -- Installing: /home/om/dobot_ws/install/cr12_moveit/share/ament_index/resource_index/package_run_dependencies/cr12_moveit
[0.889s] -- Installing: /home/om/dobot_ws/install/cr12_moveit/share/ament_index/resource_index/parent_prefix_path/cr12_moveit
[0.890s] -- Installing: /home/om/dobot_ws/install/cr12_moveit/share/cr12_moveit/environment/ament_prefix_path.sh
[0.890s] -- Installing: /home/om/dobot_ws/install/cr12_moveit/share/cr12_moveit/environment/ament_prefix_path.dsv
[0.890s] -- Installing: /home/om/dobot_ws/install/cr12_moveit/share/cr12_moveit/environment/path.sh
[0.890s] -- Installing: /home/om/dobot_ws/install/cr12_moveit/share/cr12_moveit/environment/path.dsv
[0.890s] -- Installing: /home/om/dobot_ws/install/cr12_moveit/share/cr12_moveit/local_setup.bash
[0.890s] -- Installing: /home/om/dobot_ws/install/cr12_moveit/share/cr12_moveit/local_setup.sh
[0.890s] -- Installing: /home/om/dobot_ws/install/cr12_moveit/share/cr12_moveit/local_setup.zsh
[0.890s] -- Installing: /home/om/dobot_ws/install/cr12_moveit/share/cr12_moveit/local_setup.dsv
[0.890s] -- Installing: /home/om/dobot_ws/install/cr12_moveit/share/cr12_moveit/package.dsv
[0.890s] -- Installing: /home/om/dobot_ws/install/cr12_moveit/share/ament_index/resource_index/packages/cr12_moveit
[0.890s] -- Installing: /home/om/dobot_ws/install/cr12_moveit/share/cr12_moveit/cmake/cr12_moveitConfig.cmake
[0.891s] -- Installing: /home/om/dobot_ws/install/cr12_moveit/share/cr12_moveit/cmake/cr12_moveitConfig-version.cmake
[0.891s] -- Installing: /home/om/dobot_ws/install/cr12_moveit/share/cr12_moveit/package.xml
[0.891s] -- Installing: /home/om/dobot_ws/install/cr12_moveit/share/cr12_moveit/launch
[0.891s] -- Installing: /home/om/dobot_ws/install/cr12_moveit/share/cr12_moveit/launch/demo.launch.py
[0.891s] -- Installing: /home/om/dobot_ws/install/cr12_moveit/share/cr12_moveit/launch/spawn_controllers.launch.py
[0.891s] -- Installing: /home/om/dobot_ws/install/cr12_moveit/share/cr12_moveit/launch/moveit_gazebo.launch.py
[0.891s] -- Installing: /home/om/dobot_ws/install/cr12_moveit/share/cr12_moveit/launch/warehouse_db.launch.py
[0.892s] -- Installing: /home/om/dobot_ws/install/cr12_moveit/share/cr12_moveit/launch/rsp.launch.py
[0.893s] -- Installing: /home/om/dobot_ws/install/cr12_moveit/share/cr12_moveit/launch/static_virtual_joint_tfs.launch.py
[0.894s] -- Installing: /home/om/dobot_ws/install/cr12_moveit/share/cr12_moveit/launch/move_group.launch.py
[0.894s] -- Installing: /home/om/dobot_ws/install/cr12_moveit/share/cr12_moveit/launch/setup_assistant.launch.py
[0.894s] -- Installing: /home/om/dobot_ws/install/cr12_moveit/share/cr12_moveit/launch/moveit_rviz.launch.py
[0.894s] -- Installing: /home/om/dobot_ws/install/cr12_moveit/share/cr12_moveit/config
[0.894s] -- Installing: /home/om/dobot_ws/install/cr12_moveit/share/cr12_moveit/config/moveit_controllers.yaml
[0.895s] -- Installing: /home/om/dobot_ws/install/cr12_moveit/share/cr12_moveit/config/joint_limits.yaml
[0.895s] -- Installing: /home/om/dobot_ws/install/cr12_moveit/share/cr12_moveit/config/pilz_cartesian_limits.yaml
[0.895s] -- Installing: /home/om/dobot_ws/install/cr12_moveit/share/cr12_moveit/config/cr12_robot.srdf
[0.895s] -- Installing: /home/om/dobot_ws/install/cr12_moveit/share/cr12_moveit/config/initial_positions.yaml
[0.896s] -- Installing: /home/om/dobot_ws/install/cr12_moveit/share/cr12_moveit/config/cr12_robot.urdf.xacro
[0.897s] -- Installing: /home/om/dobot_ws/install/cr12_moveit/share/cr12_moveit/config/cr12_robot.ros2_control.xacro
[0.897s] -- Installing: /home/om/dobot_ws/install/cr12_moveit/share/cr12_moveit/config/moveit.rviz
[0.897s] -- Installing: /home/om/dobot_ws/install/cr12_moveit/share/cr12_moveit/config/ros2_controllers.yaml
[0.897s] -- Installing: /home/om/dobot_ws/install/cr12_moveit/share/cr12_moveit/config/kinematics.yaml
[0.899s] -- Installing: /home/om/dobot_ws/install/cr12_moveit/share/cr12_moveit/.setup_assistant
[0.920s] Invoked command in '/home/om/dobot_ws/build/cr12_moveit' returned '0': AMENT_PREFIX_PATH=/home/om/dobot_ws/install/dobot_rviz:${AMENT_PREFIX_PATH} CMAKE_PREFIX_PATH=/home/om/dobot_ws/install/dobot_rviz:/opt/ros/humble /usr/bin/cmake --install /home/om/dobot_ws/build/cr12_moveit
