[0.028s] Invoking command in '/home/om/dobot_ws/build/cr7_moveit': AMENT_PREFIX_PATH=/home/om/dobot_ws/install/dobot_rviz:${AMENT_PREFIX_PATH} CMAKE_PREFIX_PATH=/home/om/dobot_ws/install/dobot_rviz:/opt/ros/humble /usr/bin/cmake /home/om/dobot_ws/src/cr7_moveit -DCMAKE_INSTALL_PREFIX=/home/om/dobot_ws/install/cr7_moveit
[0.092s] -- The C compiler identification is GNU 11.4.0
[0.149s] -- The CXX compiler identification is GNU 11.4.0
[0.155s] -- Detecting C compiler ABI info
[0.227s] -- Detecting C compiler ABI info - done
[0.234s] -- Check for working C compiler: /usr/bin/cc - skipped
[0.234s] -- Detecting C compile features
[0.234s] -- Detecting C compile features - done
[0.237s] -- Detecting CXX compiler ABI info
[0.314s] -- Detecting CXX compiler ABI info - done
[0.321s] -- Check for working CXX compiler: /usr/bin/c++ - skipped
[0.322s] -- Detecting CXX compile features
[0.322s] -- Detecting CXX compile features - done
[0.324s] -- Found ament_cmake: 1.3.11 (/opt/ros/humble/share/ament_cmake/cmake)
[0.467s] -- Found Python3: /usr/bin/python3 (found version "3.10.12") found components: Interpreter 
[0.628s] -- Configuring done
[0.631s] -- Generating done
[0.633s] -- Build files have been written to: /home/om/dobot_ws/build/cr7_moveit
[0.638s] Invoked command in '/home/om/dobot_ws/build/cr7_moveit' returned '0': AMENT_PREFIX_PATH=/home/om/dobot_ws/install/dobot_rviz:${AMENT_PREFIX_PATH} CMAKE_PREFIX_PATH=/home/om/dobot_ws/install/dobot_rviz:/opt/ros/humble /usr/bin/cmake /home/om/dobot_ws/src/cr7_moveit -DCMAKE_INSTALL_PREFIX=/home/om/dobot_ws/install/cr7_moveit
[0.640s] Invoking command in '/home/om/dobot_ws/build/cr7_moveit': AMENT_PREFIX_PATH=/home/om/dobot_ws/install/dobot_rviz:${AMENT_PREFIX_PATH} CMAKE_PREFIX_PATH=/home/om/dobot_ws/install/dobot_rviz:/opt/ros/humble /usr/bin/cmake --build /home/om/dobot_ws/build/cr7_moveit -- -j8 -l8
[0.677s] Invoked command in '/home/om/dobot_ws/build/cr7_moveit' returned '0': AMENT_PREFIX_PATH=/home/om/dobot_ws/install/dobot_rviz:${AMENT_PREFIX_PATH} CMAKE_PREFIX_PATH=/home/om/dobot_ws/install/dobot_rviz:/opt/ros/humble /usr/bin/cmake --build /home/om/dobot_ws/build/cr7_moveit -- -j8 -l8
[0.678s] Invoking command in '/home/om/dobot_ws/build/cr7_moveit': AMENT_PREFIX_PATH=/home/om/dobot_ws/install/dobot_rviz:${AMENT_PREFIX_PATH} CMAKE_PREFIX_PATH=/home/om/dobot_ws/install/dobot_rviz:/opt/ros/humble /usr/bin/cmake --install /home/om/dobot_ws/build/cr7_moveit
[0.686s] -- Install configuration: ""
[0.686s] -- Installing: /home/om/dobot_ws/install/cr7_moveit/share/ament_index/resource_index/package_run_dependencies/cr7_moveit
[0.687s] -- Installing: /home/om/dobot_ws/install/cr7_moveit/share/ament_index/resource_index/parent_prefix_path/cr7_moveit
[0.687s] -- Installing: /home/om/dobot_ws/install/cr7_moveit/share/cr7_moveit/environment/ament_prefix_path.sh
[0.687s] -- Installing: /home/om/dobot_ws/install/cr7_moveit/share/cr7_moveit/environment/ament_prefix_path.dsv
[0.687s] -- Installing: /home/om/dobot_ws/install/cr7_moveit/share/cr7_moveit/environment/path.sh
[0.688s] -- Installing: /home/om/dobot_ws/install/cr7_moveit/share/cr7_moveit/environment/path.dsv
[0.688s] -- Installing: /home/om/dobot_ws/install/cr7_moveit/share/cr7_moveit/local_setup.bash
[0.688s] -- Installing: /home/om/dobot_ws/install/cr7_moveit/share/cr7_moveit/local_setup.sh
[0.688s] -- Installing: /home/om/dobot_ws/install/cr7_moveit/share/cr7_moveit/local_setup.zsh
[0.688s] -- Installing: /home/om/dobot_ws/install/cr7_moveit/share/cr7_moveit/local_setup.dsv
[0.688s] -- Installing: /home/om/dobot_ws/install/cr7_moveit/share/cr7_moveit/package.dsv
[0.688s] -- Installing: /home/om/dobot_ws/install/cr7_moveit/share/ament_index/resource_index/packages/cr7_moveit
[0.688s] -- Installing: /home/om/dobot_ws/install/cr7_moveit/share/cr7_moveit/cmake/cr7_moveitConfig.cmake
[0.688s] -- Installing: /home/om/dobot_ws/install/cr7_moveit/share/cr7_moveit/cmake/cr7_moveitConfig-version.cmake
[0.688s] -- Installing: /home/om/dobot_ws/install/cr7_moveit/share/cr7_moveit/package.xml
[0.689s] -- Installing: /home/om/dobot_ws/install/cr7_moveit/share/cr7_moveit/launch
[0.689s] -- Installing: /home/om/dobot_ws/install/cr7_moveit/share/cr7_moveit/launch/demo.launch.py
[0.690s] -- Installing: /home/om/dobot_ws/install/cr7_moveit/share/cr7_moveit/launch/spawn_controllers.launch.py
[0.690s] -- Installing: /home/om/dobot_ws/install/cr7_moveit/share/cr7_moveit/launch/moveit_gazebo.launch.py
[0.690s] -- Installing: /home/om/dobot_ws/install/cr7_moveit/share/cr7_moveit/launch/warehouse_db.launch.py
[0.690s] -- Installing: /home/om/dobot_ws/install/cr7_moveit/share/cr7_moveit/launch/rsp.launch.py
[0.690s] -- Installing: /home/om/dobot_ws/install/cr7_moveit/share/cr7_moveit/launch/static_virtual_joint_tfs.launch.py
[0.690s] -- Installing: /home/om/dobot_ws/install/cr7_moveit/share/cr7_moveit/launch/move_group.launch.py
[0.690s] -- Installing: /home/om/dobot_ws/install/cr7_moveit/share/cr7_moveit/launch/setup_assistant.launch.py
[0.691s] -- Installing: /home/om/dobot_ws/install/cr7_moveit/share/cr7_moveit/launch/moveit_rviz.launch.py
[0.691s] -- Installing: /home/om/dobot_ws/install/cr7_moveit/share/cr7_moveit/config
[0.691s] -- Installing: /home/om/dobot_ws/install/cr7_moveit/share/cr7_moveit/config/moveit_controllers.yaml
[0.691s] -- Installing: /home/om/dobot_ws/install/cr7_moveit/share/cr7_moveit/config/joint_limits.yaml
[0.691s] -- Installing: /home/om/dobot_ws/install/cr7_moveit/share/cr7_moveit/config/pilz_cartesian_limits.yaml
[0.691s] -- Installing: /home/om/dobot_ws/install/cr7_moveit/share/cr7_moveit/config/initial_positions.yaml
[0.691s] -- Installing: /home/om/dobot_ws/install/cr7_moveit/share/cr7_moveit/config/cr7_robot.ros2_control.xacro
[0.692s] -- Installing: /home/om/dobot_ws/install/cr7_moveit/share/cr7_moveit/config/moveit.rviz
[0.692s] -- Installing: /home/om/dobot_ws/install/cr7_moveit/share/cr7_moveit/config/cr7_robot.urdf.xacro
[0.692s] -- Installing: /home/om/dobot_ws/install/cr7_moveit/share/cr7_moveit/config/ros2_controllers.yaml
[0.692s] -- Installing: /home/om/dobot_ws/install/cr7_moveit/share/cr7_moveit/config/kinematics.yaml
[0.692s] -- Installing: /home/om/dobot_ws/install/cr7_moveit/share/cr7_moveit/config/cr7_robot.srdf
[0.692s] -- Installing: /home/om/dobot_ws/install/cr7_moveit/share/cr7_moveit/.setup_assistant
[0.718s] Invoked command in '/home/om/dobot_ws/build/cr7_moveit' returned '0': AMENT_PREFIX_PATH=/home/om/dobot_ws/install/dobot_rviz:${AMENT_PREFIX_PATH} CMAKE_PREFIX_PATH=/home/om/dobot_ws/install/dobot_rviz:/opt/ros/humble /usr/bin/cmake --install /home/om/dobot_ws/build/cr7_moveit
