[2.034s] Invoking command in '/home/om/dobot_ws/src/dobot_demo': PYTHONPATH=/home/om/dobot_ws/build/dobot_demo/prefix_override:/usr/lib/python3/dist-packages/colcon_core/task/python/colcon_distutils_commands:/home/om/dobot_ws/install/dobot_demo/lib/python3.10/site-packages:${PYTHONPATH} /usr/bin/python3 -W ignore:setup.py install is deprecated -W ignore:easy_install command is deprecated setup.py egg_info --egg-base ../../build/dobot_demo build --build-base /home/om/dobot_ws/build/dobot_demo/build install --record /home/om/dobot_ws/build/dobot_demo/install.log --single-version-externally-managed install_data
[2.362s] running egg_info
[2.363s] writing ../../build/dobot_demo/dobot_demo.egg-info/PKG-INFO
[2.363s] writing dependency_links to ../../build/dobot_demo/dobot_demo.egg-info/dependency_links.txt
[2.364s] writing entry points to ../../build/dobot_demo/dobot_demo.egg-info/entry_points.txt
[2.364s] writing requirements to ../../build/dobot_demo/dobot_demo.egg-info/requires.txt
[2.364s] writing top-level names to ../../build/dobot_demo/dobot_demo.egg-info/top_level.txt
[2.366s] reading manifest file '../../build/dobot_demo/dobot_demo.egg-info/SOURCES.txt'
[2.368s] writing manifest file '../../build/dobot_demo/dobot_demo.egg-info/SOURCES.txt'
[2.368s] running build
[2.368s] running build_py
[2.368s] running install
[2.370s] running install_lib
[2.371s] running install_data
[2.371s] running install_egg_info
[2.373s] removing '/home/om/dobot_ws/install/dobot_demo/lib/python3.10/site-packages/dobot_demo-0.0.0-py3.10.egg-info' (and everything under it)
[2.374s] Copying ../../build/dobot_demo/dobot_demo.egg-info to /home/om/dobot_ws/install/dobot_demo/lib/python3.10/site-packages/dobot_demo-0.0.0-py3.10.egg-info
[2.374s] running install_scripts
[2.403s] Installing demo script to /home/om/dobot_ws/install/dobot_demo/lib/dobot_demo
[2.403s] writing list of installed files to '/home/om/dobot_ws/build/dobot_demo/install.log'
[2.474s] Invoked command in '/home/om/dobot_ws/src/dobot_demo' returned '0': PYTHONPATH=/home/om/dobot_ws/build/dobot_demo/prefix_override:/usr/lib/python3/dist-packages/colcon_core/task/python/colcon_distutils_commands:/home/om/dobot_ws/install/dobot_demo/lib/python3.10/site-packages:${PYTHONPATH} /usr/bin/python3 -W ignore:setup.py install is deprecated -W ignore:easy_install command is deprecated setup.py egg_info --egg-base ../../build/dobot_demo build --build-base /home/om/dobot_ws/build/dobot_demo/build install --record /home/om/dobot_ws/build/dobot_demo/install.log --single-version-externally-managed install_data
