[0.025s] Invoking command in '/home/om/dobot_ws/build/cr3_moveit': AMENT_PREFIX_PATH=/home/om/dobot_ws/install/dobot_rviz:${AMENT_PREFIX_PATH} CMAKE_PREFIX_PATH=/home/om/dobot_ws/install/dobot_rviz:/opt/ros/humble /usr/bin/cmake /home/om/dobot_ws/src/cr3_moveit -DCMAKE_INSTALL_PREFIX=/home/om/dobot_ws/install/cr3_moveit
[0.109s] -- The C compiler identification is GNU 11.4.0
[0.171s] -- The CXX compiler identification is GNU 11.4.0
[0.180s] -- Detecting C compiler ABI info
[0.288s] -- Detecting C compiler ABI info - done
[0.292s] -- Check for working C compiler: /usr/bin/cc - skipped
[0.296s] -- Detecting C compile features
[0.296s] -- Detecting C compile features - done
[0.296s] -- Detecting CXX compiler ABI info
[0.419s] -- Detecting CXX compiler ABI info - done
[0.425s] -- Check for working CXX compiler: /usr/bin/c++ - skipped
[0.425s] -- Detecting CXX compile features
[0.426s] -- Detecting CXX compile features - done
[0.431s] -- Found ament_cmake: 1.3.11 (/opt/ros/humble/share/ament_cmake/cmake)
[0.585s] -- Found Python3: /usr/bin/python3 (found version "3.10.12") found components: Interpreter 
[0.763s] -- Configuring done
[0.764s] -- Generating done
[0.764s] -- Build files have been written to: /home/om/dobot_ws/build/cr3_moveit
[0.795s] Invoked command in '/home/om/dobot_ws/build/cr3_moveit' returned '0': AMENT_PREFIX_PATH=/home/om/dobot_ws/install/dobot_rviz:${AMENT_PREFIX_PATH} CMAKE_PREFIX_PATH=/home/om/dobot_ws/install/dobot_rviz:/opt/ros/humble /usr/bin/cmake /home/om/dobot_ws/src/cr3_moveit -DCMAKE_INSTALL_PREFIX=/home/om/dobot_ws/install/cr3_moveit
[0.795s] Invoking command in '/home/om/dobot_ws/build/cr3_moveit': AMENT_PREFIX_PATH=/home/om/dobot_ws/install/dobot_rviz:${AMENT_PREFIX_PATH} CMAKE_PREFIX_PATH=/home/om/dobot_ws/install/dobot_rviz:/opt/ros/humble /usr/bin/cmake --build /home/om/dobot_ws/build/cr3_moveit -- -j8 -l8
[0.841s] Invoked command in '/home/om/dobot_ws/build/cr3_moveit' returned '0': AMENT_PREFIX_PATH=/home/om/dobot_ws/install/dobot_rviz:${AMENT_PREFIX_PATH} CMAKE_PREFIX_PATH=/home/om/dobot_ws/install/dobot_rviz:/opt/ros/humble /usr/bin/cmake --build /home/om/dobot_ws/build/cr3_moveit -- -j8 -l8
[0.843s] Invoking command in '/home/om/dobot_ws/build/cr3_moveit': AMENT_PREFIX_PATH=/home/om/dobot_ws/install/dobot_rviz:${AMENT_PREFIX_PATH} CMAKE_PREFIX_PATH=/home/om/dobot_ws/install/dobot_rviz:/opt/ros/humble /usr/bin/cmake --install /home/om/dobot_ws/build/cr3_moveit
[0.851s] -- Install configuration: ""
[0.851s] -- Installing: /home/om/dobot_ws/install/cr3_moveit/share/ament_index/resource_index/package_run_dependencies/cr3_moveit
[0.851s] -- Installing: /home/om/dobot_ws/install/cr3_moveit/share/ament_index/resource_index/parent_prefix_path/cr3_moveit
[0.851s] -- Installing: /home/om/dobot_ws/install/cr3_moveit/share/cr3_moveit/environment/ament_prefix_path.sh
[0.851s] -- Installing: /home/om/dobot_ws/install/cr3_moveit/share/cr3_moveit/environment/ament_prefix_path.dsv
[0.852s] -- Installing: /home/om/dobot_ws/install/cr3_moveit/share/cr3_moveit/environment/path.sh
[0.852s] -- Installing: /home/om/dobot_ws/install/cr3_moveit/share/cr3_moveit/environment/path.dsv
[0.852s] -- Installing: /home/om/dobot_ws/install/cr3_moveit/share/cr3_moveit/local_setup.bash
[0.852s] -- Installing: /home/om/dobot_ws/install/cr3_moveit/share/cr3_moveit/local_setup.sh
[0.853s] -- Installing: /home/om/dobot_ws/install/cr3_moveit/share/cr3_moveit/local_setup.zsh
[0.853s] -- Installing: /home/om/dobot_ws/install/cr3_moveit/share/cr3_moveit/local_setup.dsv
[0.853s] -- Installing: /home/om/dobot_ws/install/cr3_moveit/share/cr3_moveit/package.dsv
[0.853s] -- Installing: /home/om/dobot_ws/install/cr3_moveit/share/ament_index/resource_index/packages/cr3_moveit
[0.853s] -- Installing: /home/om/dobot_ws/install/cr3_moveit/share/cr3_moveit/cmake/cr3_moveitConfig.cmake
[0.853s] -- Installing: /home/om/dobot_ws/install/cr3_moveit/share/cr3_moveit/cmake/cr3_moveitConfig-version.cmake
[0.853s] -- Installing: /home/om/dobot_ws/install/cr3_moveit/share/cr3_moveit/package.xml
[0.853s] -- Installing: /home/om/dobot_ws/install/cr3_moveit/share/cr3_moveit/launch
[0.853s] -- Installing: /home/om/dobot_ws/install/cr3_moveit/share/cr3_moveit/launch/demo.launch.py
[0.853s] -- Installing: /home/om/dobot_ws/install/cr3_moveit/share/cr3_moveit/launch/spawn_controllers.launch.py
[0.854s] -- Installing: /home/om/dobot_ws/install/cr3_moveit/share/cr3_moveit/launch/moveit_gazebo.launch.py
[0.854s] -- Installing: /home/om/dobot_ws/install/cr3_moveit/share/cr3_moveit/launch/warehouse_db.launch.py
[0.855s] -- Installing: /home/om/dobot_ws/install/cr3_moveit/share/cr3_moveit/launch/rsp.launch.py
[0.855s] -- Installing: /home/om/dobot_ws/install/cr3_moveit/share/cr3_moveit/launch/static_virtual_joint_tfs.launch.py
[0.855s] -- Installing: /home/om/dobot_ws/install/cr3_moveit/share/cr3_moveit/launch/move_group.launch.py
[0.855s] -- Installing: /home/om/dobot_ws/install/cr3_moveit/share/cr3_moveit/launch/setup_assistant.launch.py
[0.855s] -- Installing: /home/om/dobot_ws/install/cr3_moveit/share/cr3_moveit/launch/moveit_rviz.launch.py
[0.855s] -- Installing: /home/om/dobot_ws/install/cr3_moveit/share/cr3_moveit/config
[0.856s] -- Installing: /home/om/dobot_ws/install/cr3_moveit/share/cr3_moveit/config/cr3_robot.srdf
[0.856s] -- Installing: /home/om/dobot_ws/install/cr3_moveit/share/cr3_moveit/config/moveit_controllers.yaml
[0.856s] -- Installing: /home/om/dobot_ws/install/cr3_moveit/share/cr3_moveit/config/joint_limits.yaml
[0.856s] -- Installing: /home/om/dobot_ws/install/cr3_moveit/share/cr3_moveit/config/cr3_robot.urdf.xacro
[0.856s] -- Installing: /home/om/dobot_ws/install/cr3_moveit/share/cr3_moveit/config/pilz_cartesian_limits.yaml
[0.856s] -- Installing: /home/om/dobot_ws/install/cr3_moveit/share/cr3_moveit/config/cr3_robot.ros2_control.xacro
[0.856s] -- Installing: /home/om/dobot_ws/install/cr3_moveit/share/cr3_moveit/config/initial_positions.yaml
[0.857s] -- Installing: /home/om/dobot_ws/install/cr3_moveit/share/cr3_moveit/config/moveit.rviz
[0.858s] -- Installing: /home/om/dobot_ws/install/cr3_moveit/share/cr3_moveit/config/ros2_controllers.yaml
[0.858s] -- Installing: /home/om/dobot_ws/install/cr3_moveit/share/cr3_moveit/config/kinematics.yaml
[0.858s] -- Installing: /home/om/dobot_ws/install/cr3_moveit/share/cr3_moveit/.setup_assistant
[0.880s] Invoked command in '/home/om/dobot_ws/build/cr3_moveit' returned '0': AMENT_PREFIX_PATH=/home/om/dobot_ws/install/dobot_rviz:${AMENT_PREFIX_PATH} CMAKE_PREFIX_PATH=/home/om/dobot_ws/install/dobot_rviz:/opt/ros/humble /usr/bin/cmake --install /home/om/dobot_ws/build/cr3_moveit
