[0.078s] Invoking command in '/home/om/dobot_ws/build/me6_moveit': CMAKE_PREFIX_PATH=/home/om/dobot_ws/install/dobot_rviz:/home/om/dobot_ws/install/me6_moveit:/home/om/dobot_ws/install/cr7_moveit:/home/om/dobot_ws/install/cr5_moveit:/home/om/dobot_ws/install/cr3_moveit:/home/om/dobot_ws/install/cr16_moveit:/home/om/dobot_ws/install/cr12_moveit:/home/om/dobot_ws/install/cr10_moveit:/home/om/dobot_ws/install/cr_robot_ros2:/home/om/dobot_ws/install/dobot_msgs_v4:/home/om/dobot_ws/install/dobot_gazebo:/home/om/dobot_ws/install/cra_description:/home/om/dobot_ws/install/servo_action:/home/om/dobot_ws/install/dobot_moveit:/home/om/dobot_ws/install/dobot_demo:/opt/ros/humble /usr/bin/cmake --build /home/om/dobot_ws/build/me6_moveit -- -j8 -l8
[0.172s] Invoked command in '/home/om/dobot_ws/build/me6_moveit' returned '0': CMAKE_PREFIX_PATH=/home/om/dobot_ws/install/dobot_rviz:/home/om/dobot_ws/install/me6_moveit:/home/om/dobot_ws/install/cr7_moveit:/home/om/dobot_ws/install/cr5_moveit:/home/om/dobot_ws/install/cr3_moveit:/home/om/dobot_ws/install/cr16_moveit:/home/om/dobot_ws/install/cr12_moveit:/home/om/dobot_ws/install/cr10_moveit:/home/om/dobot_ws/install/cr_robot_ros2:/home/om/dobot_ws/install/dobot_msgs_v4:/home/om/dobot_ws/install/dobot_gazebo:/home/om/dobot_ws/install/cra_description:/home/om/dobot_ws/install/servo_action:/home/om/dobot_ws/install/dobot_moveit:/home/om/dobot_ws/install/dobot_demo:/opt/ros/humble /usr/bin/cmake --build /home/om/dobot_ws/build/me6_moveit -- -j8 -l8
[0.181s] Invoking command in '/home/om/dobot_ws/build/me6_moveit': CMAKE_PREFIX_PATH=/home/om/dobot_ws/install/dobot_rviz:/home/om/dobot_ws/install/me6_moveit:/home/om/dobot_ws/install/cr7_moveit:/home/om/dobot_ws/install/cr5_moveit:/home/om/dobot_ws/install/cr3_moveit:/home/om/dobot_ws/install/cr16_moveit:/home/om/dobot_ws/install/cr12_moveit:/home/om/dobot_ws/install/cr10_moveit:/home/om/dobot_ws/install/cr_robot_ros2:/home/om/dobot_ws/install/dobot_msgs_v4:/home/om/dobot_ws/install/dobot_gazebo:/home/om/dobot_ws/install/cra_description:/home/om/dobot_ws/install/servo_action:/home/om/dobot_ws/install/dobot_moveit:/home/om/dobot_ws/install/dobot_demo:/opt/ros/humble /usr/bin/cmake --install /home/om/dobot_ws/build/me6_moveit
[0.194s] -- Install configuration: ""
[0.195s] -- Up-to-date: /home/om/dobot_ws/install/me6_moveit/share/ament_index/resource_index/package_run_dependencies/me6_moveit
[0.195s] -- Up-to-date: /home/om/dobot_ws/install/me6_moveit/share/ament_index/resource_index/parent_prefix_path/me6_moveit
[0.195s] -- Up-to-date: /home/om/dobot_ws/install/me6_moveit/share/me6_moveit/environment/ament_prefix_path.sh
[0.195s] -- Up-to-date: /home/om/dobot_ws/install/me6_moveit/share/me6_moveit/environment/ament_prefix_path.dsv
[0.195s] -- Up-to-date: /home/om/dobot_ws/install/me6_moveit/share/me6_moveit/environment/path.sh
[0.195s] -- Up-to-date: /home/om/dobot_ws/install/me6_moveit/share/me6_moveit/environment/path.dsv
[0.195s] -- Up-to-date: /home/om/dobot_ws/install/me6_moveit/share/me6_moveit/local_setup.bash
[0.195s] -- Up-to-date: /home/om/dobot_ws/install/me6_moveit/share/me6_moveit/local_setup.sh
[0.195s] -- Up-to-date: /home/om/dobot_ws/install/me6_moveit/share/me6_moveit/local_setup.zsh
[0.195s] -- Up-to-date: /home/om/dobot_ws/install/me6_moveit/share/me6_moveit/local_setup.dsv
[0.196s] -- Installing: /home/om/dobot_ws/install/me6_moveit/share/me6_moveit/package.dsv
[0.200s] -- Up-to-date: /home/om/dobot_ws/install/me6_moveit/share/ament_index/resource_index/packages/me6_moveit
[0.201s] -- Up-to-date: /home/om/dobot_ws/install/me6_moveit/share/me6_moveit/cmake/me6_moveitConfig.cmake
[0.201s] -- Up-to-date: /home/om/dobot_ws/install/me6_moveit/share/me6_moveit/cmake/me6_moveitConfig-version.cmake
[0.202s] -- Up-to-date: /home/om/dobot_ws/install/me6_moveit/share/me6_moveit/package.xml
[0.202s] -- Up-to-date: /home/om/dobot_ws/install/me6_moveit/share/me6_moveit/launch
[0.202s] -- Up-to-date: /home/om/dobot_ws/install/me6_moveit/share/me6_moveit/launch/demo.launch.py
[0.203s] -- Up-to-date: /home/om/dobot_ws/install/me6_moveit/share/me6_moveit/launch/spawn_controllers.launch.py
[0.209s] -- Up-to-date: /home/om/dobot_ws/install/me6_moveit/share/me6_moveit/launch/moveit_gazebo.launch.py
[0.209s] -- Up-to-date: /home/om/dobot_ws/install/me6_moveit/share/me6_moveit/launch/warehouse_db.launch.py
[0.209s] -- Up-to-date: /home/om/dobot_ws/install/me6_moveit/share/me6_moveit/launch/rsp.launch.py
[0.210s] -- Up-to-date: /home/om/dobot_ws/install/me6_moveit/share/me6_moveit/launch/static_virtual_joint_tfs.launch.py
[0.210s] -- Up-to-date: /home/om/dobot_ws/install/me6_moveit/share/me6_moveit/launch/move_group.launch.py
[0.210s] -- Up-to-date: /home/om/dobot_ws/install/me6_moveit/share/me6_moveit/launch/setup_assistant.launch.py
[0.210s] -- Up-to-date: /home/om/dobot_ws/install/me6_moveit/share/me6_moveit/launch/moveit_rviz.launch.py
[0.210s] -- Up-to-date: /home/om/dobot_ws/install/me6_moveit/share/me6_moveit/config
[0.213s] -- Up-to-date: /home/om/dobot_ws/install/me6_moveit/share/me6_moveit/config/moveit_controllers.yaml
[0.213s] -- Up-to-date: /home/om/dobot_ws/install/me6_moveit/share/me6_moveit/config/joint_limits.yaml
[0.219s] -- Up-to-date: /home/om/dobot_ws/install/me6_moveit/share/me6_moveit/config/pilz_cartesian_limits.yaml
[0.220s] -- Up-to-date: /home/om/dobot_ws/install/me6_moveit/share/me6_moveit/config/me6_robot.urdf.xacro
[0.221s] -- Up-to-date: /home/om/dobot_ws/install/me6_moveit/share/me6_moveit/config/initial_positions.yaml
[0.221s] -- Up-to-date: /home/om/dobot_ws/install/me6_moveit/share/me6_moveit/config/me6_robot.ros2_control.xacro
[0.222s] -- Up-to-date: /home/om/dobot_ws/install/me6_moveit/share/me6_moveit/config/me6_robot.srdf
[0.224s] -- Up-to-date: /home/om/dobot_ws/install/me6_moveit/share/me6_moveit/config/moveit.rviz
[0.224s] -- Up-to-date: /home/om/dobot_ws/install/me6_moveit/share/me6_moveit/config/ros2_controllers.yaml
[0.228s] -- Up-to-date: /home/om/dobot_ws/install/me6_moveit/share/me6_moveit/config/kinematics.yaml
[0.229s] -- Up-to-date: /home/om/dobot_ws/install/me6_moveit/share/me6_moveit/.setup_assistant
[0.250s] Invoked command in '/home/om/dobot_ws/build/me6_moveit' returned '0': CMAKE_PREFIX_PATH=/home/om/dobot_ws/install/dobot_rviz:/home/om/dobot_ws/install/me6_moveit:/home/om/dobot_ws/install/cr7_moveit:/home/om/dobot_ws/install/cr5_moveit:/home/om/dobot_ws/install/cr3_moveit:/home/om/dobot_ws/install/cr16_moveit:/home/om/dobot_ws/install/cr12_moveit:/home/om/dobot_ws/install/cr10_moveit:/home/om/dobot_ws/install/cr_robot_ros2:/home/om/dobot_ws/install/dobot_msgs_v4:/home/om/dobot_ws/install/dobot_gazebo:/home/om/dobot_ws/install/cra_description:/home/om/dobot_ws/install/servo_action:/home/om/dobot_ws/install/dobot_moveit:/home/om/dobot_ws/install/dobot_demo:/opt/ros/humble /usr/bin/cmake --install /home/om/dobot_ws/build/me6_moveit
