[0.023s] Invoking command in '/home/om/dobot_ws/build/dobot_gazebo': AMENT_PREFIX_PATH=/home/om/dobot_ws/install/cra_description:${AMENT_PREFIX_PATH} CMAKE_PREFIX_PATH=/home/om/dobot_ws/install/cra_description:/opt/ros/humble /usr/bin/cmake /home/om/dobot_ws/src/dobot_gazebo -DCMAKE_INSTALL_PREFIX=/home/om/dobot_ws/install/dobot_gazebo
[0.083s] -- The C compiler identification is GNU 11.4.0
[0.145s] -- The CXX compiler identification is GNU 11.4.0
[0.152s] -- Detecting C compiler ABI info
[0.218s] -- Detecting C compiler ABI info - done
[0.225s] -- Check for working C compiler: /usr/bin/cc - skipped
[0.225s] -- Detecting C compile features
[0.226s] -- Detecting C compile features - done
[0.229s] -- Detecting CXX compiler ABI info
[0.303s] -- Detecting CXX compiler ABI info - done
[0.310s] -- Check for working CXX compiler: /usr/bin/c++ - skipped
[0.310s] -- Detecting CXX compile features
[0.310s] -- Detecting CXX compile features - done
[0.313s] -- Found ament_cmake: 1.3.11 (/opt/ros/humble/share/ament_cmake/cmake)
[0.460s] -- Found Python3: /usr/bin/python3 (found version "3.10.12") found components: Interpreter 
[0.618s] -- Configuring done
[0.620s] -- Generating done
[0.622s] -- Build files have been written to: /home/om/dobot_ws/build/dobot_gazebo
[0.627s] Invoked command in '/home/om/dobot_ws/build/dobot_gazebo' returned '0': AMENT_PREFIX_PATH=/home/om/dobot_ws/install/cra_description:${AMENT_PREFIX_PATH} CMAKE_PREFIX_PATH=/home/om/dobot_ws/install/cra_description:/opt/ros/humble /usr/bin/cmake /home/om/dobot_ws/src/dobot_gazebo -DCMAKE_INSTALL_PREFIX=/home/om/dobot_ws/install/dobot_gazebo
[0.628s] Invoking command in '/home/om/dobot_ws/build/dobot_gazebo': AMENT_PREFIX_PATH=/home/om/dobot_ws/install/cra_description:${AMENT_PREFIX_PATH} CMAKE_PREFIX_PATH=/home/om/dobot_ws/install/cra_description:/opt/ros/humble /usr/bin/cmake --build /home/om/dobot_ws/build/dobot_gazebo -- -j8 -l8
[0.666s] Invoked command in '/home/om/dobot_ws/build/dobot_gazebo' returned '0': AMENT_PREFIX_PATH=/home/om/dobot_ws/install/cra_description:${AMENT_PREFIX_PATH} CMAKE_PREFIX_PATH=/home/om/dobot_ws/install/cra_description:/opt/ros/humble /usr/bin/cmake --build /home/om/dobot_ws/build/dobot_gazebo -- -j8 -l8
[0.668s] Invoking command in '/home/om/dobot_ws/build/dobot_gazebo': AMENT_PREFIX_PATH=/home/om/dobot_ws/install/cra_description:${AMENT_PREFIX_PATH} CMAKE_PREFIX_PATH=/home/om/dobot_ws/install/cra_description:/opt/ros/humble /usr/bin/cmake --install /home/om/dobot_ws/build/dobot_gazebo
[0.676s] -- Install configuration: ""
[0.676s] -- Installing: /home/om/dobot_ws/install/dobot_gazebo/share/dobot_gazebo/launch
[0.676s] -- Installing: /home/om/dobot_ws/install/dobot_gazebo/share/dobot_gazebo/launch/dobot_gazebo.launch.py
[0.676s] -- Installing: /home/om/dobot_ws/install/dobot_gazebo/share/dobot_gazebo/launch/gazebo_moveit.launch.py
[0.676s] -- Installing: /home/om/dobot_ws/install/dobot_gazebo/share/dobot_gazebo/worlds
[0.676s] -- Installing: /home/om/dobot_ws/install/dobot_gazebo/share/dobot_gazebo/worlds/cr.world
[0.676s] -- Installing: /home/om/dobot_ws/install/dobot_gazebo/share/dobot_gazebo/worlds/openvla_test.world
[0.676s] -- Installing: /home/om/dobot_ws/install/dobot_gazebo/share/dobot_gazebo/config
[0.676s] -- Installing: /home/om/dobot_ws/install/dobot_gazebo/share/dobot_gazebo/config/moveitcpp.rviz
[0.677s] -- Installing: /home/om/dobot_ws/install/dobot_gazebo/share/ament_index/resource_index/package_run_dependencies/dobot_gazebo
[0.677s] -- Installing: /home/om/dobot_ws/install/dobot_gazebo/share/ament_index/resource_index/parent_prefix_path/dobot_gazebo
[0.677s] -- Installing: /home/om/dobot_ws/install/dobot_gazebo/share/dobot_gazebo/environment/ament_prefix_path.sh
[0.677s] -- Installing: /home/om/dobot_ws/install/dobot_gazebo/share/dobot_gazebo/environment/ament_prefix_path.dsv
[0.677s] -- Installing: /home/om/dobot_ws/install/dobot_gazebo/share/dobot_gazebo/environment/path.sh
[0.677s] -- Installing: /home/om/dobot_ws/install/dobot_gazebo/share/dobot_gazebo/environment/path.dsv
[0.677s] -- Installing: /home/om/dobot_ws/install/dobot_gazebo/share/dobot_gazebo/local_setup.bash
[0.678s] -- Installing: /home/om/dobot_ws/install/dobot_gazebo/share/dobot_gazebo/local_setup.sh
[0.678s] -- Installing: /home/om/dobot_ws/install/dobot_gazebo/share/dobot_gazebo/local_setup.zsh
[0.678s] -- Installing: /home/om/dobot_ws/install/dobot_gazebo/share/dobot_gazebo/local_setup.dsv
[0.678s] -- Installing: /home/om/dobot_ws/install/dobot_gazebo/share/dobot_gazebo/package.dsv
[0.678s] -- Installing: /home/om/dobot_ws/install/dobot_gazebo/share/ament_index/resource_index/packages/dobot_gazebo
[0.678s] -- Installing: /home/om/dobot_ws/install/dobot_gazebo/share/dobot_gazebo/cmake/dobot_gazeboConfig.cmake
[0.678s] -- Installing: /home/om/dobot_ws/install/dobot_gazebo/share/dobot_gazebo/cmake/dobot_gazeboConfig-version.cmake
[0.678s] -- Installing: /home/om/dobot_ws/install/dobot_gazebo/share/dobot_gazebo/package.xml
[0.690s] Invoked command in '/home/om/dobot_ws/build/dobot_gazebo' returned '0': AMENT_PREFIX_PATH=/home/om/dobot_ws/install/cra_description:${AMENT_PREFIX_PATH} CMAKE_PREFIX_PATH=/home/om/dobot_ws/install/cra_description:/opt/ros/humble /usr/bin/cmake --install /home/om/dobot_ws/build/dobot_gazebo
