[0.053s] Invoking command in '/home/om/dobot_ws/build/dobot_rviz': CMAKE_PREFIX_PATH=${CMAKE_PREFIX_PATH}:/home/om/dobot_ws/install/servo_action:/home/om/dobot_ws/install/dobot_moveit:/home/om/dobot_ws/install/dobot_demo:/opt/ros/humble /usr/bin/cmake --build /home/om/dobot_ws/build/dobot_rviz -- -j8 -l8
[1.000s] Invoked command in '/home/om/dobot_ws/build/dobot_rviz' returned '0': CMAKE_PREFIX_PATH=${CMAKE_PREFIX_PATH}:/home/om/dobot_ws/install/servo_action:/home/om/dobot_ws/install/dobot_moveit:/home/om/dobot_ws/install/dobot_demo:/opt/ros/humble /usr/bin/cmake --build /home/om/dobot_ws/build/dobot_rviz -- -j8 -l8
[1.015s] Invoking command in '/home/om/dobot_ws/build/dobot_rviz': CMAKE_PREFIX_PATH=${CMAKE_PREFIX_PATH}:/home/om/dobot_ws/install/servo_action:/home/om/dobot_ws/install/dobot_moveit:/home/om/dobot_ws/install/dobot_demo:/opt/ros/humble /usr/bin/cmake --install /home/om/dobot_ws/build/dobot_rviz
[1.396s] -- Install configuration: ""
[1.396s] -- Up-to-date: /home/om/dobot_ws/install/dobot_rviz/share/dobot_rviz/launch
[1.396s] -- Up-to-date: /home/om/dobot_ws/install/dobot_rviz/share/dobot_rviz/launch/dobot_rviz.launch.py
[1.397s] -- Up-to-date: /home/om/dobot_ws/install/dobot_rviz/share/dobot_rviz/urdf
[1.397s] -- Up-to-date: /home/om/dobot_ws/install/dobot_rviz/share/dobot_rviz/urdf/cr12_robot.urdf
[1.398s] -- Up-to-date: /home/om/dobot_ws/install/dobot_rviz/share/dobot_rviz/urdf/cr10_robot.urdf
[1.398s] -- Up-to-date: /home/om/dobot_ws/install/dobot_rviz/share/dobot_rviz/urdf/cr3_robot.urdf
[1.399s] -- Up-to-date: /home/om/dobot_ws/install/dobot_rviz/share/dobot_rviz/urdf/cr5_robot.urdf
[1.399s] -- Up-to-date: /home/om/dobot_ws/install/dobot_rviz/share/dobot_rviz/urdf/cr5_robot.gv
[1.399s] -- Up-to-date: /home/om/dobot_ws/install/dobot_rviz/share/dobot_rviz/urdf/cr16_robot.urdf
[1.399s] -- Up-to-date: /home/om/dobot_ws/install/dobot_rviz/share/dobot_rviz/urdf/cr5_robot.pdf
[1.400s] -- Up-to-date: /home/om/dobot_ws/install/dobot_rviz/share/dobot_rviz/urdf/cr7_robot.urdf
[1.400s] -- Up-to-date: /home/om/dobot_ws/install/dobot_rviz/share/dobot_rviz/urdf/me6_robot.urdf
[1.400s] -- Up-to-date: /home/om/dobot_ws/install/dobot_rviz/share/dobot_rviz/rviz
[1.400s] -- Up-to-date: /home/om/dobot_ws/install/dobot_rviz/share/dobot_rviz/rviz/urdf.rviz
[1.400s] -- Up-to-date: /home/om/dobot_ws/install/dobot_rviz/share/dobot_rviz/meshes
[1.400s] -- Up-to-date: /home/om/dobot_ws/install/dobot_rviz/share/dobot_rviz/meshes/nova5
[1.400s] -- Up-to-date: /home/om/dobot_ws/install/dobot_rviz/share/dobot_rviz/meshes/nova5/Link2.STL
[1.400s] -- Up-to-date: /home/om/dobot_ws/install/dobot_rviz/share/dobot_rviz/meshes/nova5/Link5.STL
[1.401s] -- Up-to-date: /home/om/dobot_ws/install/dobot_rviz/share/dobot_rviz/meshes/nova5/Link3.STL
[1.401s] -- Up-to-date: /home/om/dobot_ws/install/dobot_rviz/share/dobot_rviz/meshes/nova5/Link4.STL
[1.401s] -- Up-to-date: /home/om/dobot_ws/install/dobot_rviz/share/dobot_rviz/meshes/nova5/Link1.STL
[1.401s] -- Up-to-date: /home/om/dobot_ws/install/dobot_rviz/share/dobot_rviz/meshes/nova5/base_link.STL
[1.402s] -- Up-to-date: /home/om/dobot_ws/install/dobot_rviz/share/dobot_rviz/meshes/nova5/Link6.STL
[1.402s] -- Up-to-date: /home/om/dobot_ws/install/dobot_rviz/share/dobot_rviz/meshes/cr12
[1.402s] -- Up-to-date: /home/om/dobot_ws/install/dobot_rviz/share/dobot_rviz/meshes/cr12/J6.STL
[1.402s] -- Up-to-date: /home/om/dobot_ws/install/dobot_rviz/share/dobot_rviz/meshes/cr12/base_link0.STL
[1.402s] -- Up-to-date: /home/om/dobot_ws/install/dobot_rviz/share/dobot_rviz/meshes/cr12/J1.STL
[1.402s] -- Up-to-date: /home/om/dobot_ws/install/dobot_rviz/share/dobot_rviz/meshes/cr12/J4.STL
[1.402s] -- Up-to-date: /home/om/dobot_ws/install/dobot_rviz/share/dobot_rviz/meshes/cr12/J2.STL
[1.402s] -- Up-to-date: /home/om/dobot_ws/install/dobot_rviz/share/dobot_rviz/meshes/cr12/J5.STL
[1.402s] -- Up-to-date: /home/om/dobot_ws/install/dobot_rviz/share/dobot_rviz/meshes/cr12/J3.STL
[1.402s] -- Up-to-date: /home/om/dobot_ws/install/dobot_rviz/share/dobot_rviz/meshes/me6
[1.403s] -- Up-to-date: /home/om/dobot_ws/install/dobot_rviz/share/dobot_rviz/meshes/me6/Link2.STL
[1.403s] -- Up-to-date: /home/om/dobot_ws/install/dobot_rviz/share/dobot_rviz/meshes/me6/Link5.STL
[1.403s] -- Up-to-date: /home/om/dobot_ws/install/dobot_rviz/share/dobot_rviz/meshes/me6/Link3.STL
[1.403s] -- Up-to-date: /home/om/dobot_ws/install/dobot_rviz/share/dobot_rviz/meshes/me6/Link4.STL
[1.403s] -- Up-to-date: /home/om/dobot_ws/install/dobot_rviz/share/dobot_rviz/meshes/me6/Link1.STL
[1.404s] -- Up-to-date: /home/om/dobot_ws/install/dobot_rviz/share/dobot_rviz/meshes/me6/base_link.STL
[1.404s] -- Up-to-date: /home/om/dobot_ws/install/dobot_rviz/share/dobot_rviz/meshes/me6/Link6.STL
[1.404s] -- Up-to-date: /home/om/dobot_ws/install/dobot_rviz/share/dobot_rviz/meshes/cr7
[1.404s] -- Up-to-date: /home/om/dobot_ws/install/dobot_rviz/share/dobot_rviz/meshes/cr7/J6.STL
[1.404s] -- Up-to-date: /home/om/dobot_ws/install/dobot_rviz/share/dobot_rviz/meshes/cr7/base_link0.STL
[1.404s] -- Up-to-date: /home/om/dobot_ws/install/dobot_rviz/share/dobot_rviz/meshes/cr7/J1.STL
[1.404s] -- Up-to-date: /home/om/dobot_ws/install/dobot_rviz/share/dobot_rviz/meshes/cr7/J4.STL
[1.404s] -- Up-to-date: /home/om/dobot_ws/install/dobot_rviz/share/dobot_rviz/meshes/cr7/J2.STL
[1.404s] -- Up-to-date: /home/om/dobot_ws/install/dobot_rviz/share/dobot_rviz/meshes/cr7/J5.STL
[1.405s] -- Up-to-date: /home/om/dobot_ws/install/dobot_rviz/share/dobot_rviz/meshes/cr7/J3.STL
[1.405s] -- Up-to-date: /home/om/dobot_ws/install/dobot_rviz/share/dobot_rviz/meshes/nova2
[1.405s] -- Up-to-date: /home/om/dobot_ws/install/dobot_rviz/share/dobot_rviz/meshes/nova2/Link2.STL
[1.406s] -- Up-to-date: /home/om/dobot_ws/install/dobot_rviz/share/dobot_rviz/meshes/nova2/Link5.STL
[1.406s] -- Up-to-date: /home/om/dobot_ws/install/dobot_rviz/share/dobot_rviz/meshes/nova2/Link3.STL
[1.406s] -- Up-to-date: /home/om/dobot_ws/install/dobot_rviz/share/dobot_rviz/meshes/nova2/Link4.STL
[1.406s] -- Up-to-date: /home/om/dobot_ws/install/dobot_rviz/share/dobot_rviz/meshes/nova2/Link1.STL
[1.406s] -- Up-to-date: /home/om/dobot_ws/install/dobot_rviz/share/dobot_rviz/meshes/nova2/base_link.STL
[1.407s] -- Up-to-date: /home/om/dobot_ws/install/dobot_rviz/share/dobot_rviz/meshes/nova2/Link6.STL
[1.407s] -- Up-to-date: /home/om/dobot_ws/install/dobot_rviz/share/dobot_rviz/meshes/cr5
[1.407s] -- Up-to-date: /home/om/dobot_ws/install/dobot_rviz/share/dobot_rviz/meshes/cr5/Link3.dae
[1.407s] -- Up-to-date: /home/om/dobot_ws/install/dobot_rviz/share/dobot_rviz/meshes/cr5/Link2.dae
[1.407s] -- Up-to-date: /home/om/dobot_ws/install/dobot_rviz/share/dobot_rviz/meshes/cr5/Link1.dae
[1.407s] -- Up-to-date: /home/om/dobot_ws/install/dobot_rviz/share/dobot_rviz/meshes/cr5/Link6.dae
[1.407s] -- Up-to-date: /home/om/dobot_ws/install/dobot_rviz/share/dobot_rviz/meshes/cr5/base_link.dae
[1.407s] -- Up-to-date: /home/om/dobot_ws/install/dobot_rviz/share/dobot_rviz/meshes/cr5/Link4.dae
[1.407s] -- Up-to-date: /home/om/dobot_ws/install/dobot_rviz/share/dobot_rviz/meshes/cr5/Link5.dae
[1.407s] -- Up-to-date: /home/om/dobot_ws/install/dobot_rviz/share/dobot_rviz/meshes/cr10
[1.407s] -- Up-to-date: /home/om/dobot_ws/install/dobot_rviz/share/dobot_rviz/meshes/cr10/Link2.STL
[1.407s] -- Up-to-date: /home/om/dobot_ws/install/dobot_rviz/share/dobot_rviz/meshes/cr10/Link5.STL
[1.408s] -- Up-to-date: /home/om/dobot_ws/install/dobot_rviz/share/dobot_rviz/meshes/cr10/Link3.STL
[1.408s] -- Up-to-date: /home/om/dobot_ws/install/dobot_rviz/share/dobot_rviz/meshes/cr10/Link4.STL
[1.408s] -- Up-to-date: /home/om/dobot_ws/install/dobot_rviz/share/dobot_rviz/meshes/cr10/Link1.STL
[1.408s] -- Up-to-date: /home/om/dobot_ws/install/dobot_rviz/share/dobot_rviz/meshes/cr10/base_link.STL
[1.408s] -- Up-to-date: /home/om/dobot_ws/install/dobot_rviz/share/dobot_rviz/meshes/cr10/Link6.STL
[1.408s] -- Up-to-date: /home/om/dobot_ws/install/dobot_rviz/share/dobot_rviz/meshes/cr3
[1.408s] -- Up-to-date: /home/om/dobot_ws/install/dobot_rviz/share/dobot_rviz/meshes/cr3/Link2.STL
[1.409s] -- Up-to-date: /home/om/dobot_ws/install/dobot_rviz/share/dobot_rviz/meshes/cr3/Link5.STL
[1.409s] -- Up-to-date: /home/om/dobot_ws/install/dobot_rviz/share/dobot_rviz/meshes/cr3/Link3.STL
[1.409s] -- Up-to-date: /home/om/dobot_ws/install/dobot_rviz/share/dobot_rviz/meshes/cr3/Link4.STL
[1.409s] -- Up-to-date: /home/om/dobot_ws/install/dobot_rviz/share/dobot_rviz/meshes/cr3/Link1.STL
[1.409s] -- Up-to-date: /home/om/dobot_ws/install/dobot_rviz/share/dobot_rviz/meshes/cr3/base_link.STL
[1.409s] -- Up-to-date: /home/om/dobot_ws/install/dobot_rviz/share/dobot_rviz/meshes/cr3/Link6.STL
[1.410s] -- Up-to-date: /home/om/dobot_ws/install/dobot_rviz/share/dobot_rviz/meshes/cr16
[1.410s] -- Up-to-date: /home/om/dobot_ws/install/dobot_rviz/share/dobot_rviz/meshes/cr16/Link2.STL
[1.410s] -- Up-to-date: /home/om/dobot_ws/install/dobot_rviz/share/dobot_rviz/meshes/cr16/Link5.STL
[1.410s] -- Up-to-date: /home/om/dobot_ws/install/dobot_rviz/share/dobot_rviz/meshes/cr16/Link3.STL
[1.410s] -- Up-to-date: /home/om/dobot_ws/install/dobot_rviz/share/dobot_rviz/meshes/cr16/Link4.STL
[1.411s] -- Up-to-date: /home/om/dobot_ws/install/dobot_rviz/share/dobot_rviz/meshes/cr16/Link1.STL
[1.411s] -- Up-to-date: /home/om/dobot_ws/install/dobot_rviz/share/dobot_rviz/meshes/cr16/base_link.STL
[1.411s] -- Up-to-date: /home/om/dobot_ws/install/dobot_rviz/share/dobot_rviz/meshes/cr16/Link6.STL
[1.411s] -- Up-to-date: /home/om/dobot_ws/install/dobot_rviz/share/ament_index/resource_index/package_run_dependencies/dobot_rviz
[1.411s] -- Up-to-date: /home/om/dobot_ws/install/dobot_rviz/share/ament_index/resource_index/parent_prefix_path/dobot_rviz
[1.411s] -- Up-to-date: /home/om/dobot_ws/install/dobot_rviz/share/dobot_rviz/environment/ament_prefix_path.sh
[1.411s] -- Up-to-date: /home/om/dobot_ws/install/dobot_rviz/share/dobot_rviz/environment/ament_prefix_path.dsv
[1.411s] -- Up-to-date: /home/om/dobot_ws/install/dobot_rviz/share/dobot_rviz/environment/path.sh
[1.411s] -- Up-to-date: /home/om/dobot_ws/install/dobot_rviz/share/dobot_rviz/environment/path.dsv
[1.411s] -- Up-to-date: /home/om/dobot_ws/install/dobot_rviz/share/dobot_rviz/local_setup.bash
[1.411s] -- Up-to-date: /home/om/dobot_ws/install/dobot_rviz/share/dobot_rviz/local_setup.sh
[1.411s] -- Up-to-date: /home/om/dobot_ws/install/dobot_rviz/share/dobot_rviz/local_setup.zsh
[1.411s] -- Up-to-date: /home/om/dobot_ws/install/dobot_rviz/share/dobot_rviz/local_setup.dsv
[1.411s] -- Installing: /home/om/dobot_ws/install/dobot_rviz/share/dobot_rviz/package.dsv
[1.411s] -- Up-to-date: /home/om/dobot_ws/install/dobot_rviz/share/ament_index/resource_index/packages/dobot_rviz
[1.412s] -- Up-to-date: /home/om/dobot_ws/install/dobot_rviz/share/dobot_rviz/cmake/dobot_rvizConfig.cmake
[1.412s] -- Up-to-date: /home/om/dobot_ws/install/dobot_rviz/share/dobot_rviz/cmake/dobot_rvizConfig-version.cmake
[1.412s] -- Up-to-date: /home/om/dobot_ws/install/dobot_rviz/share/dobot_rviz/package.xml
[1.470s] Invoked command in '/home/om/dobot_ws/build/dobot_rviz' returned '0': CMAKE_PREFIX_PATH=${CMAKE_PREFIX_PATH}:/home/om/dobot_ws/install/servo_action:/home/om/dobot_ws/install/dobot_moveit:/home/om/dobot_ws/install/dobot_demo:/opt/ros/humble /usr/bin/cmake --install /home/om/dobot_ws/build/dobot_rviz
