[1.618s] Invoking command in '/home/om/dobot_ws/src/servo_action': PYTHONPATH=/home/om/dobot_ws/build/servo_action/prefix_override:/usr/lib/python3/dist-packages/colcon_core/task/python/colcon_distutils_commands:/home/om/dobot_ws/install/servo_action/lib/python3.10/site-packages:${PYTHONPATH} /usr/bin/python3 -W ignore:setup.py install is deprecated -W ignore:easy_install command is deprecated setup.py egg_info --egg-base ../../build/servo_action build --build-base /home/om/dobot_ws/build/servo_action/build install --record /home/om/dobot_ws/build/servo_action/install.log --single-version-externally-managed install_data
[1.939s] running egg_info
[1.941s] creating ../../build/servo_action/servo_action.egg-info
[1.941s] writing ../../build/servo_action/servo_action.egg-info/PKG-INFO
[1.941s] writing dependency_links to ../../build/servo_action/servo_action.egg-info/dependency_links.txt
[1.941s] writing entry points to ../../build/servo_action/servo_action.egg-info/entry_points.txt
[1.941s] writing requirements to ../../build/servo_action/servo_action.egg-info/requires.txt
[1.941s] writing top-level names to ../../build/servo_action/servo_action.egg-info/top_level.txt
[1.941s] writing manifest file '../../build/servo_action/servo_action.egg-info/SOURCES.txt'
[1.944s] reading manifest file '../../build/servo_action/servo_action.egg-info/SOURCES.txt'
[1.945s] writing manifest file '../../build/servo_action/servo_action.egg-info/SOURCES.txt'
[1.946s] running build
[1.946s] running build_py
[1.946s] creating /home/om/dobot_ws/build/servo_action/build
[1.946s] creating /home/om/dobot_ws/build/servo_action/build/lib
[1.946s] creating /home/om/dobot_ws/build/servo_action/build/lib/servo_action
[1.946s] copying servo_action/Joint_Position.py -> /home/om/dobot_ws/build/servo_action/build/lib/servo_action
[1.946s] copying servo_action/action_move_server_reality.py -> /home/om/dobot_ws/build/servo_action/build/lib/servo_action
[1.946s] copying servo_action/action_move_client_reality.py -> /home/om/dobot_ws/build/servo_action/build/lib/servo_action
[1.947s] copying servo_action/__init__.py -> /home/om/dobot_ws/build/servo_action/build/lib/servo_action
[1.950s] copying servo_action/action_move_client.py -> /home/om/dobot_ws/build/servo_action/build/lib/servo_action
[1.950s] copying servo_action/action_move_server.py -> /home/om/dobot_ws/build/servo_action/build/lib/servo_action
[1.950s] running install
[1.950s] running install_lib
[1.954s] creating /home/om/dobot_ws/install/servo_action/lib/python3.10/site-packages/servo_action
[1.954s] copying /home/om/dobot_ws/build/servo_action/build/lib/servo_action/Joint_Position.py -> /home/om/dobot_ws/install/servo_action/lib/python3.10/site-packages/servo_action
[1.962s] copying /home/om/dobot_ws/build/servo_action/build/lib/servo_action/action_move_server_reality.py -> /home/om/dobot_ws/install/servo_action/lib/python3.10/site-packages/servo_action
[1.962s] copying /home/om/dobot_ws/build/servo_action/build/lib/servo_action/action_move_client_reality.py -> /home/om/dobot_ws/install/servo_action/lib/python3.10/site-packages/servo_action
[1.962s] copying /home/om/dobot_ws/build/servo_action/build/lib/servo_action/__init__.py -> /home/om/dobot_ws/install/servo_action/lib/python3.10/site-packages/servo_action
[1.962s] copying /home/om/dobot_ws/build/servo_action/build/lib/servo_action/action_move_client.py -> /home/om/dobot_ws/install/servo_action/lib/python3.10/site-packages/servo_action
[1.962s] copying /home/om/dobot_ws/build/servo_action/build/lib/servo_action/action_move_server.py -> /home/om/dobot_ws/install/servo_action/lib/python3.10/site-packages/servo_action
[1.962s] byte-compiling /home/om/dobot_ws/install/servo_action/lib/python3.10/site-packages/servo_action/Joint_Position.py to Joint_Position.cpython-310.pyc
[1.962s] byte-compiling /home/om/dobot_ws/install/servo_action/lib/python3.10/site-packages/servo_action/action_move_server_reality.py to action_move_server_reality.cpython-310.pyc
[1.962s] byte-compiling /home/om/dobot_ws/install/servo_action/lib/python3.10/site-packages/servo_action/action_move_client_reality.py to action_move_client_reality.cpython-310.pyc
[1.963s] byte-compiling /home/om/dobot_ws/install/servo_action/lib/python3.10/site-packages/servo_action/__init__.py to __init__.cpython-310.pyc
[1.963s] byte-compiling /home/om/dobot_ws/install/servo_action/lib/python3.10/site-packages/servo_action/action_move_client.py to action_move_client.cpython-310.pyc
[1.971s] byte-compiling /home/om/dobot_ws/install/servo_action/lib/python3.10/site-packages/servo_action/action_move_server.py to action_move_server.cpython-310.pyc
[1.971s] running install_data
[1.971s] creating /home/om/dobot_ws/install/servo_action/share/ament_index
[1.971s] creating /home/om/dobot_ws/install/servo_action/share/ament_index/resource_index
[1.971s] creating /home/om/dobot_ws/install/servo_action/share/ament_index/resource_index/packages
[1.971s] copying resource/servo_action -> /home/om/dobot_ws/install/servo_action/share/ament_index/resource_index/packages
[1.971s] copying package.xml -> /home/om/dobot_ws/install/servo_action/share/servo_action
[1.971s] running install_egg_info
[1.972s] Copying ../../build/servo_action/servo_action.egg-info to /home/om/dobot_ws/install/servo_action/lib/python3.10/site-packages/servo_action-0.0.0-py3.10.egg-info
[1.977s] running install_scripts
[2.005s] Installing Joint_Position script to /home/om/dobot_ws/install/servo_action/lib/servo_action
[2.005s] Installing action_move_client script to /home/om/dobot_ws/install/servo_action/lib/servo_action
[2.006s] Installing action_move_client_reality script to /home/om/dobot_ws/install/servo_action/lib/servo_action
[2.006s] Installing action_move_server script to /home/om/dobot_ws/install/servo_action/lib/servo_action
[2.006s] Installing action_move_server_reality script to /home/om/dobot_ws/install/servo_action/lib/servo_action
[2.007s] writing list of installed files to '/home/om/dobot_ws/build/servo_action/install.log'
[2.091s] Invoked command in '/home/om/dobot_ws/src/servo_action' returned '0': PYTHONPATH=/home/om/dobot_ws/build/servo_action/prefix_override:/usr/lib/python3/dist-packages/colcon_core/task/python/colcon_distutils_commands:/home/om/dobot_ws/install/servo_action/lib/python3.10/site-packages:${PYTHONPATH} /usr/bin/python3 -W ignore:setup.py install is deprecated -W ignore:easy_install command is deprecated setup.py egg_info --egg-base ../../build/servo_action build --build-base /home/om/dobot_ws/build/servo_action/build install --record /home/om/dobot_ws/build/servo_action/install.log --single-version-externally-managed install_data
