/home/om/dobot_ws/install/servo_action/lib/python3.10/site-packages/servo_action/Joint_Position.py
/home/om/dobot_ws/install/servo_action/lib/python3.10/site-packages/servo_action/action_move_server_reality.py
/home/om/dobot_ws/install/servo_action/lib/python3.10/site-packages/servo_action/action_move_client_reality.py
/home/om/dobot_ws/install/servo_action/lib/python3.10/site-packages/servo_action/__init__.py
/home/om/dobot_ws/install/servo_action/lib/python3.10/site-packages/servo_action/action_move_client.py
/home/om/dobot_ws/install/servo_action/lib/python3.10/site-packages/servo_action/action_move_server.py
/home/om/dobot_ws/install/servo_action/lib/python3.10/site-packages/servo_action/__pycache__/Joint_Position.cpython-310.pyc
/home/om/dobot_ws/install/servo_action/lib/python3.10/site-packages/servo_action/__pycache__/action_move_server_reality.cpython-310.pyc
/home/om/dobot_ws/install/servo_action/lib/python3.10/site-packages/servo_action/__pycache__/action_move_client_reality.cpython-310.pyc
/home/om/dobot_ws/install/servo_action/lib/python3.10/site-packages/servo_action/__pycache__/__init__.cpython-310.pyc
/home/om/dobot_ws/install/servo_action/lib/python3.10/site-packages/servo_action/__pycache__/action_move_client.cpython-310.pyc
/home/om/dobot_ws/install/servo_action/lib/python3.10/site-packages/servo_action/__pycache__/action_move_server.cpython-310.pyc
/home/om/dobot_ws/install/servo_action/share/ament_index/resource_index/packages/servo_action
/home/om/dobot_ws/install/servo_action/share/servo_action/package.xml
/home/om/dobot_ws/install/servo_action/lib/python3.10/site-packages/servo_action-0.0.0-py3.10.egg-info/PKG-INFO
/home/om/dobot_ws/install/servo_action/lib/python3.10/site-packages/servo_action-0.0.0-py3.10.egg-info/entry_points.txt
/home/om/dobot_ws/install/servo_action/lib/python3.10/site-packages/servo_action-0.0.0-py3.10.egg-info/dependency_links.txt
/home/om/dobot_ws/install/servo_action/lib/python3.10/site-packages/servo_action-0.0.0-py3.10.egg-info/SOURCES.txt
/home/om/dobot_ws/install/servo_action/lib/python3.10/site-packages/servo_action-0.0.0-py3.10.egg-info/requires.txt
/home/om/dobot_ws/install/servo_action/lib/python3.10/site-packages/servo_action-0.0.0-py3.10.egg-info/zip-safe
/home/om/dobot_ws/install/servo_action/lib/python3.10/site-packages/servo_action-0.0.0-py3.10.egg-info/top_level.txt
/home/om/dobot_ws/install/servo_action/lib/servo_action/Joint_Position
/home/om/dobot_ws/install/servo_action/lib/servo_action/action_move_client
/home/om/dobot_ws/install/servo_action/lib/servo_action/action_move_client_reality
/home/om/dobot_ws/install/servo_action/lib/servo_action/action_move_server
/home/om/dobot_ws/install/servo_action/lib/servo_action/action_move_server_reality
