[3.270s] Invoking command in '/home/om/dobot_ws/src/dobot_moveit': PYTHONPATH=/home/om/dobot_ws/build/dobot_moveit/prefix_override:/usr/lib/python3/dist-packages/colcon_core/task/python/colcon_distutils_commands:/home/om/dobot_ws/install/dobot_moveit/lib/python3.10/site-packages:${PYTHONPATH} /usr/bin/python3 -W ignore:setup.py install is deprecated -W ignore:easy_install command is deprecated setup.py egg_info --egg-base ../../build/dobot_moveit build --build-base /home/om/dobot_ws/build/dobot_moveit/build install --record /home/om/dobot_ws/build/dobot_moveit/install.log --single-version-externally-managed install_data
[3.549s] running egg_info
[3.550s] writing ../../build/dobot_moveit/dobot_moveit.egg-info/PKG-INFO
[3.550s] writing dependency_links to ../../build/dobot_moveit/dobot_moveit.egg-info/dependency_links.txt
[3.550s] writing entry points to ../../build/dobot_moveit/dobot_moveit.egg-info/entry_points.txt
[3.550s] writing requirements to ../../build/dobot_moveit/dobot_moveit.egg-info/requires.txt
[3.551s] writing top-level names to ../../build/dobot_moveit/dobot_moveit.egg-info/top_level.txt
[3.552s] reading manifest file '../../build/dobot_moveit/dobot_moveit.egg-info/SOURCES.txt'
[3.553s] writing manifest file '../../build/dobot_moveit/dobot_moveit.egg-info/SOURCES.txt'
[3.553s] running build
[3.554s] running build_py
[3.554s] running install
[3.554s] running install_lib
[3.556s] running install_data
[3.556s] running install_egg_info
[3.558s] removing '/home/om/dobot_ws/install/dobot_moveit/lib/python3.10/site-packages/dobot_moveit-0.0.0-py3.10.egg-info' (and everything under it)
[3.558s] Copying ../../build/dobot_moveit/dobot_moveit.egg-info to /home/om/dobot_ws/install/dobot_moveit/lib/python3.10/site-packages/dobot_moveit-0.0.0-py3.10.egg-info
[3.559s] running install_scripts
[3.579s] writing list of installed files to '/home/om/dobot_ws/build/dobot_moveit/install.log'
[3.621s] Invoked command in '/home/om/dobot_ws/src/dobot_moveit' returned '0': PYTHONPATH=/home/om/dobot_ws/build/dobot_moveit/prefix_override:/usr/lib/python3/dist-packages/colcon_core/task/python/colcon_distutils_commands:/home/om/dobot_ws/install/dobot_moveit/lib/python3.10/site-packages:${PYTHONPATH} /usr/bin/python3 -W ignore:setup.py install is deprecated -W ignore:easy_install command is deprecated setup.py egg_info --egg-base ../../build/dobot_moveit build --build-base /home/om/dobot_ws/build/dobot_moveit/build install --record /home/om/dobot_ws/build/dobot_moveit/install.log --single-version-externally-managed install_data
