[0.076s] Invoking command in '/home/om/dobot_ws/build/dobot_gazebo': CMAKE_PREFIX_PATH=/home/om/dobot_ws/install/cra_description:/home/om/dobot_ws/install/me6_moveit:/home/om/dobot_ws/install/cr7_moveit:/home/om/dobot_ws/install/cr5_moveit:/home/om/dobot_ws/install/cr3_moveit:/home/om/dobot_ws/install/cr16_moveit:/home/om/dobot_ws/install/cr12_moveit:/home/om/dobot_ws/install/cr10_moveit:/home/om/dobot_ws/install/dobot_rviz:/home/om/dobot_ws/install/cr_robot_ros2:/home/om/dobot_ws/install/dobot_msgs_v4:/home/om/dobot_ws/install/dobot_gazebo:/home/om/dobot_ws/install/servo_action:/home/om/dobot_ws/install/dobot_moveit:/home/om/dobot_ws/install/dobot_demo:/opt/ros/humble /usr/bin/cmake --build /home/om/dobot_ws/build/dobot_gazebo -- -j8 -l8
[0.150s] Invoked command in '/home/om/dobot_ws/build/dobot_gazebo' returned '0': CMAKE_PREFIX_PATH=/home/om/dobot_ws/install/cra_description:/home/om/dobot_ws/install/me6_moveit:/home/om/dobot_ws/install/cr7_moveit:/home/om/dobot_ws/install/cr5_moveit:/home/om/dobot_ws/install/cr3_moveit:/home/om/dobot_ws/install/cr16_moveit:/home/om/dobot_ws/install/cr12_moveit:/home/om/dobot_ws/install/cr10_moveit:/home/om/dobot_ws/install/dobot_rviz:/home/om/dobot_ws/install/cr_robot_ros2:/home/om/dobot_ws/install/dobot_msgs_v4:/home/om/dobot_ws/install/dobot_gazebo:/home/om/dobot_ws/install/servo_action:/home/om/dobot_ws/install/dobot_moveit:/home/om/dobot_ws/install/dobot_demo:/opt/ros/humble /usr/bin/cmake --build /home/om/dobot_ws/build/dobot_gazebo -- -j8 -l8
[0.156s] Invoking command in '/home/om/dobot_ws/build/dobot_gazebo': CMAKE_PREFIX_PATH=/home/om/dobot_ws/install/cra_description:/home/om/dobot_ws/install/me6_moveit:/home/om/dobot_ws/install/cr7_moveit:/home/om/dobot_ws/install/cr5_moveit:/home/om/dobot_ws/install/cr3_moveit:/home/om/dobot_ws/install/cr16_moveit:/home/om/dobot_ws/install/cr12_moveit:/home/om/dobot_ws/install/cr10_moveit:/home/om/dobot_ws/install/dobot_rviz:/home/om/dobot_ws/install/cr_robot_ros2:/home/om/dobot_ws/install/dobot_msgs_v4:/home/om/dobot_ws/install/dobot_gazebo:/home/om/dobot_ws/install/servo_action:/home/om/dobot_ws/install/dobot_moveit:/home/om/dobot_ws/install/dobot_demo:/opt/ros/humble /usr/bin/cmake --install /home/om/dobot_ws/build/dobot_gazebo
[0.163s] -- Install configuration: ""
[0.163s] -- Up-to-date: /home/om/dobot_ws/install/dobot_gazebo/share/dobot_gazebo/launch
[0.163s] -- Up-to-date: /home/om/dobot_ws/install/dobot_gazebo/share/dobot_gazebo/launch/dobot_gazebo.launch.py
[0.163s] -- Installing: /home/om/dobot_ws/install/dobot_gazebo/share/dobot_gazebo/launch/gazebo_moveit.launch.py
[0.164s] -- Up-to-date: /home/om/dobot_ws/install/dobot_gazebo/share/dobot_gazebo/worlds
[0.164s] -- Up-to-date: /home/om/dobot_ws/install/dobot_gazebo/share/dobot_gazebo/worlds/cr.world
[0.164s] -- Up-to-date: /home/om/dobot_ws/install/dobot_gazebo/share/dobot_gazebo/worlds/openvla_test.world
[0.164s] -- Up-to-date: /home/om/dobot_ws/install/dobot_gazebo/share/dobot_gazebo/config
[0.164s] -- Up-to-date: /home/om/dobot_ws/install/dobot_gazebo/share/dobot_gazebo/config/moveitcpp.rviz
[0.164s] -- Up-to-date: /home/om/dobot_ws/install/dobot_gazebo/share/ament_index/resource_index/package_run_dependencies/dobot_gazebo
[0.164s] -- Up-to-date: /home/om/dobot_ws/install/dobot_gazebo/share/ament_index/resource_index/parent_prefix_path/dobot_gazebo
[0.164s] -- Up-to-date: /home/om/dobot_ws/install/dobot_gazebo/share/dobot_gazebo/environment/ament_prefix_path.sh
[0.164s] -- Up-to-date: /home/om/dobot_ws/install/dobot_gazebo/share/dobot_gazebo/environment/ament_prefix_path.dsv
[0.164s] -- Up-to-date: /home/om/dobot_ws/install/dobot_gazebo/share/dobot_gazebo/environment/path.sh
[0.164s] -- Up-to-date: /home/om/dobot_ws/install/dobot_gazebo/share/dobot_gazebo/environment/path.dsv
[0.164s] -- Up-to-date: /home/om/dobot_ws/install/dobot_gazebo/share/dobot_gazebo/local_setup.bash
[0.165s] -- Up-to-date: /home/om/dobot_ws/install/dobot_gazebo/share/dobot_gazebo/local_setup.sh
[0.165s] -- Up-to-date: /home/om/dobot_ws/install/dobot_gazebo/share/dobot_gazebo/local_setup.zsh
[0.165s] -- Up-to-date: /home/om/dobot_ws/install/dobot_gazebo/share/dobot_gazebo/local_setup.dsv
[0.166s] -- Installing: /home/om/dobot_ws/install/dobot_gazebo/share/dobot_gazebo/package.dsv
[0.169s] -- Up-to-date: /home/om/dobot_ws/install/dobot_gazebo/share/ament_index/resource_index/packages/dobot_gazebo
[0.169s] -- Up-to-date: /home/om/dobot_ws/install/dobot_gazebo/share/dobot_gazebo/cmake/dobot_gazeboConfig.cmake
[0.169s] -- Up-to-date: /home/om/dobot_ws/install/dobot_gazebo/share/dobot_gazebo/cmake/dobot_gazeboConfig-version.cmake
[0.169s] -- Up-to-date: /home/om/dobot_ws/install/dobot_gazebo/share/dobot_gazebo/package.xml
[0.172s] Invoked command in '/home/om/dobot_ws/build/dobot_gazebo' returned '0': CMAKE_PREFIX_PATH=/home/om/dobot_ws/install/cra_description:/home/om/dobot_ws/install/me6_moveit:/home/om/dobot_ws/install/cr7_moveit:/home/om/dobot_ws/install/cr5_moveit:/home/om/dobot_ws/install/cr3_moveit:/home/om/dobot_ws/install/cr16_moveit:/home/om/dobot_ws/install/cr12_moveit:/home/om/dobot_ws/install/cr10_moveit:/home/om/dobot_ws/install/dobot_rviz:/home/om/dobot_ws/install/cr_robot_ros2:/home/om/dobot_ws/install/dobot_msgs_v4:/home/om/dobot_ws/install/dobot_gazebo:/home/om/dobot_ws/install/servo_action:/home/om/dobot_ws/install/dobot_moveit:/home/om/dobot_ws/install/dobot_demo:/opt/ros/humble /usr/bin/cmake --install /home/om/dobot_ws/build/dobot_gazebo
