[1.855s] Invoking command in '/home/om/dobot_ws/src/servo_action': PYTHONPATH=/home/om/dobot_ws/build/servo_action/prefix_override:/usr/lib/python3/dist-packages/colcon_core/task/python/colcon_distutils_commands:/home/om/dobot_ws/install/servo_action/lib/python3.10/site-packages:${PYTHONPATH} /usr/bin/python3 -W ignore:setup.py install is deprecated -W ignore:easy_install command is deprecated setup.py egg_info --egg-base ../../build/servo_action build --build-base /home/om/dobot_ws/build/servo_action/build install --record /home/om/dobot_ws/build/servo_action/install.log --single-version-externally-managed install_data
[2.244s] running egg_info
[2.245s] writing ../../build/servo_action/servo_action.egg-info/PKG-INFO
[2.245s] writing dependency_links to ../../build/servo_action/servo_action.egg-info/dependency_links.txt
[2.245s] writing entry points to ../../build/servo_action/servo_action.egg-info/entry_points.txt
[2.245s] writing requirements to ../../build/servo_action/servo_action.egg-info/requires.txt
[2.246s] writing top-level names to ../../build/servo_action/servo_action.egg-info/top_level.txt
[2.249s] reading manifest file '../../build/servo_action/servo_action.egg-info/SOURCES.txt'
[2.250s] writing manifest file '../../build/servo_action/servo_action.egg-info/SOURCES.txt'
[2.250s] running build
[2.250s] running build_py
[2.251s] running install
[2.251s] running install_lib
[2.253s] running install_data
[2.254s] running install_egg_info
[2.256s] removing '/home/om/dobot_ws/install/servo_action/lib/python3.10/site-packages/servo_action-0.0.0-py3.10.egg-info' (and everything under it)
[2.256s] Copying ../../build/servo_action/servo_action.egg-info to /home/om/dobot_ws/install/servo_action/lib/python3.10/site-packages/servo_action-0.0.0-py3.10.egg-info
[2.258s] running install_scripts
[2.285s] Installing Joint_Position script to /home/om/dobot_ws/install/servo_action/lib/servo_action
[2.286s] Installing action_move_client script to /home/om/dobot_ws/install/servo_action/lib/servo_action
[2.286s] Installing action_move_client_reality script to /home/om/dobot_ws/install/servo_action/lib/servo_action
[2.286s] Installing action_move_server script to /home/om/dobot_ws/install/servo_action/lib/servo_action
[2.286s] Installing action_move_server_reality script to /home/om/dobot_ws/install/servo_action/lib/servo_action
[2.286s] writing list of installed files to '/home/om/dobot_ws/build/servo_action/install.log'
[2.330s] Invoked command in '/home/om/dobot_ws/src/servo_action' returned '0': PYTHONPATH=/home/om/dobot_ws/build/servo_action/prefix_override:/usr/lib/python3/dist-packages/colcon_core/task/python/colcon_distutils_commands:/home/om/dobot_ws/install/servo_action/lib/python3.10/site-packages:${PYTHONPATH} /usr/bin/python3 -W ignore:setup.py install is deprecated -W ignore:easy_install command is deprecated setup.py egg_info --egg-base ../../build/servo_action build --build-base /home/om/dobot_ws/build/servo_action/build install --record /home/om/dobot_ws/build/servo_action/install.log --single-version-externally-managed install_data
