[2.376s] Invoking command in '/home/om/dobot_ws/src/dobot_moveit': PYTHONPATH=/home/om/dobot_ws/build/dobot_moveit/prefix_override:/usr/lib/python3/dist-packages/colcon_core/task/python/colcon_distutils_commands:/home/om/dobot_ws/install/dobot_moveit/lib/python3.10/site-packages:${PYTHONPATH} /usr/bin/python3 -W ignore:setup.py install is deprecated -W ignore:easy_install command is deprecated setup.py egg_info --egg-base ../../build/dobot_moveit build --build-base /home/om/dobot_ws/build/dobot_moveit/build install --record /home/om/dobot_ws/build/dobot_moveit/install.log --single-version-externally-managed install_data
[2.871s] running egg_info
[2.872s] writing ../../build/dobot_moveit/dobot_moveit.egg-info/PKG-INFO
[2.873s] writing dependency_links to ../../build/dobot_moveit/dobot_moveit.egg-info/dependency_links.txt
[2.873s] writing entry points to ../../build/dobot_moveit/dobot_moveit.egg-info/entry_points.txt
[2.873s] writing requirements to ../../build/dobot_moveit/dobot_moveit.egg-info/requires.txt
[2.873s] writing top-level names to ../../build/dobot_moveit/dobot_moveit.egg-info/top_level.txt
[2.875s] reading manifest file '../../build/dobot_moveit/dobot_moveit.egg-info/SOURCES.txt'
[2.876s] writing manifest file '../../build/dobot_moveit/dobot_moveit.egg-info/SOURCES.txt'
[2.876s] running build
[2.876s] running build_py
[2.877s] running install
[2.877s] running install_lib
[2.878s] running install_data
[2.878s] running install_egg_info
[2.885s] removing '/home/om/dobot_ws/install/dobot_moveit/lib/python3.10/site-packages/dobot_moveit-0.0.0-py3.10.egg-info' (and everything under it)
[2.887s] Copying ../../build/dobot_moveit/dobot_moveit.egg-info to /home/om/dobot_ws/install/dobot_moveit/lib/python3.10/site-packages/dobot_moveit-0.0.0-py3.10.egg-info
[2.889s] running install_scripts
[2.927s] writing list of installed files to '/home/om/dobot_ws/build/dobot_moveit/install.log'
[3.000s] Invoked command in '/home/om/dobot_ws/src/dobot_moveit' returned '0': PYTHONPATH=/home/om/dobot_ws/build/dobot_moveit/prefix_override:/usr/lib/python3/dist-packages/colcon_core/task/python/colcon_distutils_commands:/home/om/dobot_ws/install/dobot_moveit/lib/python3.10/site-packages:${PYTHONPATH} /usr/bin/python3 -W ignore:setup.py install is deprecated -W ignore:easy_install command is deprecated setup.py egg_info --egg-base ../../build/dobot_moveit build --build-base /home/om/dobot_ws/build/dobot_moveit/build install --record /home/om/dobot_ws/build/dobot_moveit/install.log --single-version-externally-managed install_data
