[0.043s] Invoking command in '/home/om/dobot_ws/build/me6_moveit': AMENT_PREFIX_PATH=/home/om/dobot_ws/install/dobot_rviz:${AMENT_PREFIX_PATH} CMAKE_PREFIX_PATH=/home/om/dobot_ws/install/dobot_rviz:/opt/ros/humble /usr/bin/cmake /home/om/dobot_ws/src/me6_moveit -DCMAKE_INSTALL_PREFIX=/home/om/dobot_ws/install/me6_moveit
[0.097s] -- The C compiler identification is GNU 11.4.0
[0.151s] -- The CXX compiler identification is GNU 11.4.0
[0.158s] -- Detecting C compiler ABI info
[0.226s] -- Detecting C compiler ABI info - done
[0.232s] -- Check for working C compiler: /usr/bin/cc - skipped
[0.232s] -- Detecting C compile features
[0.233s] -- Detecting C compile features - done
[0.236s] -- Detecting CXX compiler ABI info
[0.313s] -- Detecting CXX compiler ABI info - done
[0.320s] -- Check for working CXX compiler: /usr/bin/c++ - skipped
[0.321s] -- Detecting CXX compile features
[0.321s] -- Detecting CXX compile features - done
[0.323s] -- Found ament_cmake: 1.3.11 (/opt/ros/humble/share/ament_cmake/cmake)
[0.468s] -- Found Python3: /usr/bin/python3 (found version "3.10.12") found components: Interpreter 
[0.625s] -- Configuring done
[0.625s] -- Generating done
[0.626s] -- Build files have been written to: /home/om/dobot_ws/build/me6_moveit
[0.646s] Invoked command in '/home/om/dobot_ws/build/me6_moveit' returned '0': AMENT_PREFIX_PATH=/home/om/dobot_ws/install/dobot_rviz:${AMENT_PREFIX_PATH} CMAKE_PREFIX_PATH=/home/om/dobot_ws/install/dobot_rviz:/opt/ros/humble /usr/bin/cmake /home/om/dobot_ws/src/me6_moveit -DCMAKE_INSTALL_PREFIX=/home/om/dobot_ws/install/me6_moveit
[0.646s] Invoking command in '/home/om/dobot_ws/build/me6_moveit': AMENT_PREFIX_PATH=/home/om/dobot_ws/install/dobot_rviz:${AMENT_PREFIX_PATH} CMAKE_PREFIX_PATH=/home/om/dobot_ws/install/dobot_rviz:/opt/ros/humble /usr/bin/cmake --build /home/om/dobot_ws/build/me6_moveit -- -j8 -l8
[0.681s] Invoked command in '/home/om/dobot_ws/build/me6_moveit' returned '0': AMENT_PREFIX_PATH=/home/om/dobot_ws/install/dobot_rviz:${AMENT_PREFIX_PATH} CMAKE_PREFIX_PATH=/home/om/dobot_ws/install/dobot_rviz:/opt/ros/humble /usr/bin/cmake --build /home/om/dobot_ws/build/me6_moveit -- -j8 -l8
[0.682s] Invoking command in '/home/om/dobot_ws/build/me6_moveit': AMENT_PREFIX_PATH=/home/om/dobot_ws/install/dobot_rviz:${AMENT_PREFIX_PATH} CMAKE_PREFIX_PATH=/home/om/dobot_ws/install/dobot_rviz:/opt/ros/humble /usr/bin/cmake --install /home/om/dobot_ws/build/me6_moveit
[0.689s] -- Install configuration: ""
[0.689s] -- Installing: /home/om/dobot_ws/install/me6_moveit/share/ament_index/resource_index/package_run_dependencies/me6_moveit
[0.690s] -- Installing: /home/om/dobot_ws/install/me6_moveit/share/ament_index/resource_index/parent_prefix_path/me6_moveit
[0.690s] -- Installing: /home/om/dobot_ws/install/me6_moveit/share/me6_moveit/environment/ament_prefix_path.sh
[0.690s] -- Installing: /home/om/dobot_ws/install/me6_moveit/share/me6_moveit/environment/ament_prefix_path.dsv
[0.690s] -- Installing: /home/om/dobot_ws/install/me6_moveit/share/me6_moveit/environment/path.sh
[0.690s] -- Installing: /home/om/dobot_ws/install/me6_moveit/share/me6_moveit/environment/path.dsv
[0.690s] -- Installing: /home/om/dobot_ws/install/me6_moveit/share/me6_moveit/local_setup.bash
[0.690s] -- Installing: /home/om/dobot_ws/install/me6_moveit/share/me6_moveit/local_setup.sh
[0.691s] -- Installing: /home/om/dobot_ws/install/me6_moveit/share/me6_moveit/local_setup.zsh
[0.691s] -- Installing: /home/om/dobot_ws/install/me6_moveit/share/me6_moveit/local_setup.dsv
[0.691s] -- Installing: /home/om/dobot_ws/install/me6_moveit/share/me6_moveit/package.dsv
[0.691s] -- Installing: /home/om/dobot_ws/install/me6_moveit/share/ament_index/resource_index/packages/me6_moveit
[0.691s] -- Installing: /home/om/dobot_ws/install/me6_moveit/share/me6_moveit/cmake/me6_moveitConfig.cmake
[0.691s] -- Installing: /home/om/dobot_ws/install/me6_moveit/share/me6_moveit/cmake/me6_moveitConfig-version.cmake
[0.691s] -- Installing: /home/om/dobot_ws/install/me6_moveit/share/me6_moveit/package.xml
[0.691s] -- Installing: /home/om/dobot_ws/install/me6_moveit/share/me6_moveit/launch
[0.691s] -- Installing: /home/om/dobot_ws/install/me6_moveit/share/me6_moveit/launch/demo.launch.py
[0.692s] -- Installing: /home/om/dobot_ws/install/me6_moveit/share/me6_moveit/launch/spawn_controllers.launch.py
[0.692s] -- Installing: /home/om/dobot_ws/install/me6_moveit/share/me6_moveit/launch/moveit_gazebo.launch.py
[0.692s] -- Installing: /home/om/dobot_ws/install/me6_moveit/share/me6_moveit/launch/warehouse_db.launch.py
[0.692s] -- Installing: /home/om/dobot_ws/install/me6_moveit/share/me6_moveit/launch/rsp.launch.py
[0.692s] -- Installing: /home/om/dobot_ws/install/me6_moveit/share/me6_moveit/launch/static_virtual_joint_tfs.launch.py
[0.692s] -- Installing: /home/om/dobot_ws/install/me6_moveit/share/me6_moveit/launch/move_group.launch.py
[0.692s] -- Installing: /home/om/dobot_ws/install/me6_moveit/share/me6_moveit/launch/setup_assistant.launch.py
[0.692s] -- Installing: /home/om/dobot_ws/install/me6_moveit/share/me6_moveit/launch/moveit_rviz.launch.py
[0.693s] -- Installing: /home/om/dobot_ws/install/me6_moveit/share/me6_moveit/config
[0.693s] -- Installing: /home/om/dobot_ws/install/me6_moveit/share/me6_moveit/config/moveit_controllers.yaml
[0.693s] -- Installing: /home/om/dobot_ws/install/me6_moveit/share/me6_moveit/config/joint_limits.yaml
[0.693s] -- Installing: /home/om/dobot_ws/install/me6_moveit/share/me6_moveit/config/pilz_cartesian_limits.yaml
[0.693s] -- Installing: /home/om/dobot_ws/install/me6_moveit/share/me6_moveit/config/me6_robot.urdf.xacro
[0.693s] -- Installing: /home/om/dobot_ws/install/me6_moveit/share/me6_moveit/config/initial_positions.yaml
[0.694s] -- Installing: /home/om/dobot_ws/install/me6_moveit/share/me6_moveit/config/me6_robot.ros2_control.xacro
[0.694s] -- Installing: /home/om/dobot_ws/install/me6_moveit/share/me6_moveit/config/me6_robot.srdf
[0.694s] -- Installing: /home/om/dobot_ws/install/me6_moveit/share/me6_moveit/config/moveit.rviz
[0.694s] -- Installing: /home/om/dobot_ws/install/me6_moveit/share/me6_moveit/config/ros2_controllers.yaml
[0.694s] -- Installing: /home/om/dobot_ws/install/me6_moveit/share/me6_moveit/config/kinematics.yaml
[0.695s] -- Installing: /home/om/dobot_ws/install/me6_moveit/share/me6_moveit/.setup_assistant
[0.697s] Invoked command in '/home/om/dobot_ws/build/me6_moveit' returned '0': AMENT_PREFIX_PATH=/home/om/dobot_ws/install/dobot_rviz:${AMENT_PREFIX_PATH} CMAKE_PREFIX_PATH=/home/om/dobot_ws/install/dobot_rviz:/opt/ros/humble /usr/bin/cmake --install /home/om/dobot_ws/build/me6_moveit
