[0.024s] Invoking command in '/home/om/dobot_ws/build/cr10_moveit': AMENT_PREFIX_PATH=/home/om/dobot_ws/install/dobot_rviz:${AMENT_PREFIX_PATH} CMAKE_PREFIX_PATH=/home/om/dobot_ws/install/dobot_rviz:/opt/ros/humble /usr/bin/cmake /home/om/dobot_ws/src/cr10_moveit -DCMAKE_INSTALL_PREFIX=/home/om/dobot_ws/install/cr10_moveit
[0.092s] -- The C compiler identification is GNU 11.4.0
[0.162s] -- The CXX compiler identification is GNU 11.4.0
[0.172s] -- Detecting C compiler ABI info
[0.253s] -- Detecting C compiler ABI info - done
[0.261s] -- Check for working C compiler: /usr/bin/cc - skipped
[0.261s] -- Detecting C compile features
[0.261s] -- Detecting C compile features - done
[0.265s] -- Detecting CXX compiler ABI info
[0.371s] -- Detecting CXX compiler ABI info - done
[0.379s] -- Check for working CXX compiler: /usr/bin/c++ - skipped
[0.379s] -- Detecting CXX compile features
[0.380s] -- Detecting CXX compile features - done
[0.383s] -- Found ament_cmake: 1.3.11 (/opt/ros/humble/share/ament_cmake/cmake)
[0.583s] -- Found Python3: /usr/bin/python3 (found version "3.10.12") found components: Interpreter 
[0.776s] -- Configuring done
[0.776s] -- Generating done
[0.776s] -- Build files have been written to: /home/om/dobot_ws/build/cr10_moveit
[0.812s] Invoked command in '/home/om/dobot_ws/build/cr10_moveit' returned '0': AMENT_PREFIX_PATH=/home/om/dobot_ws/install/dobot_rviz:${AMENT_PREFIX_PATH} CMAKE_PREFIX_PATH=/home/om/dobot_ws/install/dobot_rviz:/opt/ros/humble /usr/bin/cmake /home/om/dobot_ws/src/cr10_moveit -DCMAKE_INSTALL_PREFIX=/home/om/dobot_ws/install/cr10_moveit
[0.812s] Invoking command in '/home/om/dobot_ws/build/cr10_moveit': AMENT_PREFIX_PATH=/home/om/dobot_ws/install/dobot_rviz:${AMENT_PREFIX_PATH} CMAKE_PREFIX_PATH=/home/om/dobot_ws/install/dobot_rviz:/opt/ros/humble /usr/bin/cmake --build /home/om/dobot_ws/build/cr10_moveit -- -j8 -l8
[0.889s] Invoked command in '/home/om/dobot_ws/build/cr10_moveit' returned '0': AMENT_PREFIX_PATH=/home/om/dobot_ws/install/dobot_rviz:${AMENT_PREFIX_PATH} CMAKE_PREFIX_PATH=/home/om/dobot_ws/install/dobot_rviz:/opt/ros/humble /usr/bin/cmake --build /home/om/dobot_ws/build/cr10_moveit -- -j8 -l8
[0.891s] Invoking command in '/home/om/dobot_ws/build/cr10_moveit': AMENT_PREFIX_PATH=/home/om/dobot_ws/install/dobot_rviz:${AMENT_PREFIX_PATH} CMAKE_PREFIX_PATH=/home/om/dobot_ws/install/dobot_rviz:/opt/ros/humble /usr/bin/cmake --install /home/om/dobot_ws/build/cr10_moveit
[0.902s] -- Install configuration: ""
[0.903s] -- Installing: /home/om/dobot_ws/install/cr10_moveit/share/ament_index/resource_index/package_run_dependencies/cr10_moveit
[0.903s] -- Installing: /home/om/dobot_ws/install/cr10_moveit/share/ament_index/resource_index/parent_prefix_path/cr10_moveit
[0.903s] -- Installing: /home/om/dobot_ws/install/cr10_moveit/share/cr10_moveit/environment/ament_prefix_path.sh
[0.903s] -- Installing: /home/om/dobot_ws/install/cr10_moveit/share/cr10_moveit/environment/ament_prefix_path.dsv
[0.903s] -- Installing: /home/om/dobot_ws/install/cr10_moveit/share/cr10_moveit/environment/path.sh
[0.903s] -- Installing: /home/om/dobot_ws/install/cr10_moveit/share/cr10_moveit/environment/path.dsv
[0.903s] -- Installing: /home/om/dobot_ws/install/cr10_moveit/share/cr10_moveit/local_setup.bash
[0.903s] -- Installing: /home/om/dobot_ws/install/cr10_moveit/share/cr10_moveit/local_setup.sh
[0.903s] -- Installing: /home/om/dobot_ws/install/cr10_moveit/share/cr10_moveit/local_setup.zsh
[0.904s] -- Installing: /home/om/dobot_ws/install/cr10_moveit/share/cr10_moveit/local_setup.dsv
[0.904s] -- Installing: /home/om/dobot_ws/install/cr10_moveit/share/cr10_moveit/package.dsv
[0.904s] -- Installing: /home/om/dobot_ws/install/cr10_moveit/share/ament_index/resource_index/packages/cr10_moveit
[0.904s] -- Installing: /home/om/dobot_ws/install/cr10_moveit/share/cr10_moveit/cmake/cr10_moveitConfig.cmake
[0.904s] -- Installing: /home/om/dobot_ws/install/cr10_moveit/share/cr10_moveit/cmake/cr10_moveitConfig-version.cmake
[0.904s] -- Installing: /home/om/dobot_ws/install/cr10_moveit/share/cr10_moveit/package.xml
[0.904s] -- Installing: /home/om/dobot_ws/install/cr10_moveit/share/cr10_moveit/launch
[0.904s] -- Installing: /home/om/dobot_ws/install/cr10_moveit/share/cr10_moveit/launch/demo.launch.py
[0.904s] -- Installing: /home/om/dobot_ws/install/cr10_moveit/share/cr10_moveit/launch/spawn_controllers.launch.py
[0.904s] -- Installing: /home/om/dobot_ws/install/cr10_moveit/share/cr10_moveit/launch/moveit_gazebo.launch.py
[0.905s] -- Installing: /home/om/dobot_ws/install/cr10_moveit/share/cr10_moveit/launch/warehouse_db.launch.py
[0.905s] -- Installing: /home/om/dobot_ws/install/cr10_moveit/share/cr10_moveit/launch/rsp.launch.py
[0.905s] -- Installing: /home/om/dobot_ws/install/cr10_moveit/share/cr10_moveit/launch/static_virtual_joint_tfs.launch.py
[0.906s] -- Installing: /home/om/dobot_ws/install/cr10_moveit/share/cr10_moveit/launch/move_group.launch.py
[0.906s] -- Installing: /home/om/dobot_ws/install/cr10_moveit/share/cr10_moveit/launch/setup_assistant.launch.py
[0.906s] -- Installing: /home/om/dobot_ws/install/cr10_moveit/share/cr10_moveit/launch/moveit_rviz.launch.py
[0.906s] -- Installing: /home/om/dobot_ws/install/cr10_moveit/share/cr10_moveit/config
[0.906s] -- Installing: /home/om/dobot_ws/install/cr10_moveit/share/cr10_moveit/config/cr10_robot.srdf
[0.906s] -- Installing: /home/om/dobot_ws/install/cr10_moveit/share/cr10_moveit/config/moveit_controllers.yaml
[0.909s] -- Installing: /home/om/dobot_ws/install/cr10_moveit/share/cr10_moveit/config/joint_limits.yaml
[0.909s] -- Installing: /home/om/dobot_ws/install/cr10_moveit/share/cr10_moveit/config/pilz_cartesian_limits.yaml
[0.910s] -- Installing: /home/om/dobot_ws/install/cr10_moveit/share/cr10_moveit/config/initial_positions.yaml
[0.910s] -- Installing: /home/om/dobot_ws/install/cr10_moveit/share/cr10_moveit/config/moveit.rviz
[0.910s] -- Installing: /home/om/dobot_ws/install/cr10_moveit/share/cr10_moveit/config/cr10_robot.ros2_control.xacro
[0.910s] -- Installing: /home/om/dobot_ws/install/cr10_moveit/share/cr10_moveit/config/cr10_robot.urdf.xacro
[0.910s] -- Installing: /home/om/dobot_ws/install/cr10_moveit/share/cr10_moveit/config/ros2_controllers.yaml
[0.910s] -- Installing: /home/om/dobot_ws/install/cr10_moveit/share/cr10_moveit/config/kinematics.yaml
[0.910s] -- Installing: /home/om/dobot_ws/install/cr10_moveit/share/cr10_moveit/.setup_assistant
[0.940s] Invoked command in '/home/om/dobot_ws/build/cr10_moveit' returned '0': AMENT_PREFIX_PATH=/home/om/dobot_ws/install/dobot_rviz:${AMENT_PREFIX_PATH} CMAKE_PREFIX_PATH=/home/om/dobot_ws/install/dobot_rviz:/opt/ros/humble /usr/bin/cmake --install /home/om/dobot_ws/build/cr10_moveit
